{2} setUpClass (tempest.api.volume.admin.test_volumes_backup.VolumesBackupsAdminTest) ... SKIPPED: Cinder backup feature disabled
{3} setUpClass (tempest.api.volume.admin.test_multi_backend.VolumeMultiBackendTest) ... SKIPPED: Cinder multi-backend feature disabled
{0} setUpClass (tempest.api.volume.test_volumes_backup.VolumesBackupsTest) ... SKIPPED: Cinder backup feature disabled
{1} setUpClass (tempest.api.volume.admin.test_encrypted_volumes_extend.EncryptedVolumesExtendAttachedTest) ... SKIPPED: Attached encrypted volume extend is disabled.
{5} setUpClass (tempest.api.volume.admin.test_volume_retype.VolumeRetypeWithMigrationTest) ... SKIPPED: Cinder multi-backend feature disabled
{34} tempest.api.volume.test_versions.VersionsTest.test_list_versions [0.030877s] ... ok
{29} tempest.api.volume.test_volumes_get.VolumesSummaryTest.test_show_volume_summary [9.540122s] ... ok
{34} tempest.api.volume.test_versions.VersionsTest.test_show_version [6.303629s] ... ok
{32} tempest.api.volume.test_extensions.ExtensionsTestJSON.test_list_extensions [5.346526s] ... ok
{38} tempest.api.volume.test_availability_zone.AvailabilityZoneTestJSON.test_get_availability_zone_list [9.689755s] ... ok
{33} tempest.api.volume.test_volumes_snapshots_negative.VolumesSnapshotNegativeTestJSON.test_create_snapshot_with_nonexistent_volume_id [9.707192s] ... ok
{33} tempest.api.volume.test_volumes_snapshots_negative.VolumesSnapshotNegativeTestJSON.test_create_snapshot_without_passing_volume_id [3.532627s] ... ok
{15} tempest.api.volume.admin.test_volume_quota_classes.VolumeQuotaClassesTest.test_show_default_quota [9.553424s] ... ok
{33} tempest.api.volume.test_volumes_snapshots_negative.VolumesSnapshotNegativeTestJSON.test_list_snapshot_invalid_param_limit [0.628982s] ... ok
{33} tempest.api.volume.test_volumes_snapshots_negative.VolumesSnapshotNegativeTestJSON.test_list_snapshots_invalid_param_marker [1.363505s] ... ok
{21} tempest.api.volume.admin.test_volume_hosts.VolumeHostsAdminTestsJSON.test_list_hosts [6.166475s] ... ok
{33} tempest.api.volume.test_volumes_snapshots_negative.VolumesSnapshotNegativeTestJSON.test_list_snapshots_invalid_param_sort [2.073313s] ... ok
{30} tempest.api.volume.admin.test_volume_pools.VolumePoolsAdminTestsJSON.test_get_pools_with_details [3.894394s] ... ok
{20} tempest.api.volume.admin.test_volume_types_extra_specs_negative.ExtraSpecsNegativeTest.test_create_invalid_body [2.435207s] ... ok
{30} tempest.api.volume.admin.test_volume_pools.VolumePoolsAdminTestsJSON.test_get_pools_without_details [2.847828s] ... ok
{12} tempest.api.volume.admin.test_volume_services.VolumesServicesTestJSON.test_get_service_by_host_name [3.609962s] ... ok
{24} tempest.api.volume.admin.test_volume_services_negative.VolumeServicesNegativeTest.test_disable_log_reason_with_no_reason [2.875592s] ... ok
{20} tempest.api.volume.admin.test_volume_types_extra_specs_negative.ExtraSpecsNegativeTest.test_create_none_body [2.706493s] ... ok
{16} tempest.api.volume.admin.test_volume_types_negative.VolumeTypesNegativeTest.test_create_volume_type_encryption_nonexistent_type_id [11.050027s] ... ok
{24} tempest.api.volume.admin.test_volume_services_negative.VolumeServicesNegativeTest.test_disable_service_with_invalid_binary [6.785576s] ... ok
{12} tempest.api.volume.admin.test_volume_services.VolumesServicesTestJSON.test_get_service_by_service_and_host_name [6.795519s] ... ok
{27} tempest.api.volume.admin.test_backends_capabilities.BackendsCapabilitiesAdminTestsJSON.test_compare_volume_stats_values [11.993840s] ... ok
{20} tempest.api.volume.admin.test_volume_types_extra_specs_negative.ExtraSpecsNegativeTest.test_create_nonexistent_type_id [11.951332s] ... ok
{24} tempest.api.volume.admin.test_volume_services_negative.VolumeServicesNegativeTest.test_enable_service_with_invalid_host [5.421616s] ... ok
{12} tempest.api.volume.admin.test_volume_services.VolumesServicesTestJSON.test_get_service_by_service_binary_name [5.428149s] ... ok
{7} tempest.api.volume.admin.test_volume_types.VolumeTypesTest.test_volume_type_create_get_delete [31.097849s] ... ok
{27} tempest.api.volume.admin.test_backends_capabilities.BackendsCapabilitiesAdminTestsJSON.test_get_capabilities_backend [3.584621s] ... ok
{24} tempest.api.volume.admin.test_volume_services_negative.VolumeServicesNegativeTest.test_freeze_host_with_invalid_host [1.143200s] ... ok
{20} tempest.api.volume.admin.test_volume_types_extra_specs_negative.ExtraSpecsNegativeTest.test_delete_nonexistent_volume_type_id [1.333209s] ... ok
{24} tempest.api.volume.admin.test_volume_services_negative.VolumeServicesNegativeTest.test_thaw_host_with_invalid_host [1.534959s] ... ok
{20} tempest.api.volume.admin.test_volume_types_extra_specs_negative.ExtraSpecsNegativeTest.test_get_nonexistent_extra_spec_name [1.553120s] ... ok
{21} tempest.api.volume.admin.test_volume_hosts.VolumeHostsAdminTestsJSON.test_show_host [25.608257s] ... ok
{20} tempest.api.volume.admin.test_volume_types_extra_specs_negative.ExtraSpecsNegativeTest.test_get_nonexistent_volume_type_id [13.758150s] ... ok
{20} tempest.api.volume.admin.test_volume_types_extra_specs_negative.ExtraSpecsNegativeTest.test_list_nonexistent_volume_type_id [2.526615s] ... ok
{17} tempest.api.volume.admin.test_volume_types_extra_specs.VolumeTypesExtraSpecsTest.test_volume_type_extra_spec_create_get_delete [27.491740s] ... ok
{16} tempest.api.volume.admin.test_volume_types_negative.VolumeTypesNegativeTest.test_create_volume_with_private_volume_type [25.266004s] ... ok
{20} tempest.api.volume.admin.test_volume_types_extra_specs_negative.ExtraSpecsNegativeTest.test_update_multiple_extra_spec [0.849617s] ... ok
{16} tempest.api.volume.admin.test_volume_types_negative.VolumeTypesNegativeTest.test_create_with_empty_name [1.439167s] ... ok
{20} tempest.api.volume.admin.test_volume_types_extra_specs_negative.ExtraSpecsNegativeTest.test_update_no_body [1.388951s] ... ok
{20} tempest.api.volume.admin.test_volume_types_extra_specs_negative.ExtraSpecsNegativeTest.test_update_none_extra_spec_id [3.584120s] ... ok
{20} tempest.api.volume.admin.test_volume_types_extra_specs_negative.ExtraSpecsNegativeTest.test_update_nonexistent_extra_spec_id [1.324259s] ... ok
{17} tempest.api.volume.admin.test_volume_types_extra_specs.VolumeTypesExtraSpecsTest.test_volume_type_extra_specs_list [7.209263s] ... ok
{20} tempest.api.volume.admin.test_volume_types_extra_specs_negative.ExtraSpecsNegativeTest.test_update_nonexistent_type_id [0.565566s] ... ok
{37} tempest.api.volume.test_volume_absolute_limits.AbsoluteLimitsTests.test_get_volume_absolute_limits [2.528399s] ... ok
{17} tempest.api.volume.admin.test_volume_types_extra_specs.VolumeTypesExtraSpecsTest.test_volume_type_extra_specs_update [11.114892s] ... ok
{16} tempest.api.volume.admin.test_volume_types_negative.VolumeTypesNegativeTest.test_create_with_repeated_name [20.389402s] ... ok
{7} tempest.api.volume.admin.test_volume_types.VolumeTypesTest.test_volume_type_encryption_create_get_update_delete [42.426303s] ... ok
{16} tempest.api.volume.admin.test_volume_types_negative.VolumeTypesNegativeTest.test_delete_nonexistent_type_id [2.825546s] ... ok
{16} tempest.api.volume.admin.test_volume_types_negative.VolumeTypesNegativeTest.test_get_nonexistent_type_id [1.605185s] ... ok
{7} tempest.api.volume.admin.test_volume_types.VolumeTypesTest.test_volume_type_list [4.576872s] ... ok
{15} tempest.api.volume.admin.test_volume_quota_classes.VolumeQuotaClassesTest.test_update_default_quota [82.010116s] ... ok
{18} setUpClass (tempest.api.volume.test_volumes_actions.VolumesActionsTest) [0.000000s] ... FAILED

Captured traceback:
~~~~~~~~~~~~~~~~~~~
    Traceback (most recent call last):

      File "/home/stguser/devstack/python-tempestconf/.venv/lib/python3.12/site-packages/urllib3/connectionpool.py", line 534, in _make_request
    response = conn.getresponse()
               ^^^^^^^^^^^^^^^^^^

      File "/home/stguser/devstack/python-tempestconf/.venv/lib/python3.12/site-packages/urllib3/connection.py", line 565, in getresponse
    httplib_response = super().getresponse()
                       ^^^^^^^^^^^^^^^^^^^^^

      File "/usr/lib/python3.12/http/client.py", line 1428, in getresponse
    response.begin()

      File "/usr/lib/python3.12/http/client.py", line 331, in begin
    version, status, reason = self._read_status()
                              ^^^^^^^^^^^^^^^^^^^

      File "/usr/lib/python3.12/http/client.py", line 292, in _read_status
    line = str(self.fp.readline(_MAXLINE + 1), "iso-8859-1")
               ^^^^^^^^^^^^^^^^^^^^^^^^^^^^^^

      File "/usr/lib/python3.12/socket.py", line 707, in readinto
    return self._sock.recv_into(b)
           ^^^^^^^^^^^^^^^^^^^^^^^

    TimeoutError: timed out

    
The above exception was the direct cause of the following exception:


    Traceback (most recent call last):

      File "/home/stguser/devstack/python-tempestconf/.venv/lib/python3.12/site-packages/tempest/test.py", line 185, in setUpClass
    raise value.with_traceback(trace)

      File "/home/stguser/devstack/python-tempestconf/.venv/lib/python3.12/site-packages/tempest/test.py", line 170, in setUpClass
    cls.setup_credentials()

      File "/home/stguser/devstack/python-tempestconf/.venv/lib/python3.12/site-packages/tempest/api/volume/base.py", line 62, in setup_credentials
    super(BaseVolumeTest, cls).setup_credentials()

      File "/home/stguser/devstack/python-tempestconf/.venv/lib/python3.12/site-packages/tempest/test.py", line 398, in setup_credentials
    manager = cls.get_client_manager(
              ^^^^^^^^^^^^^^^^^^^^^^^

      File "/home/stguser/devstack/python-tempestconf/.venv/lib/python3.12/site-packages/tempest/test.py", line 743, in get_client_manager
    creds = getattr(cred_provider, credentials_method)()
            ^^^^^^^^^^^^^^^^^^^^^^^^^^^^^^^^^^^^^^^^^^^^

      File "/home/stguser/devstack/python-tempestconf/.venv/lib/python3.12/site-packages/tempest/lib/common/dynamic_creds.py", line 473, in get_primary_creds
    return self.get_project_member_creds()
           ^^^^^^^^^^^^^^^^^^^^^^^^^^^^^^^

      File "/home/stguser/devstack/python-tempestconf/.venv/lib/python3.12/site-packages/tempest/lib/common/dynamic_creds.py", line 514, in get_project_member_creds
    return self.get_credentials(['member'], scope='project')
           ^^^^^^^^^^^^^^^^^^^^^^^^^^^^^^^^^^^^^^^^^^^^^^^^^

      File "/home/stguser/devstack/python-tempestconf/.venv/lib/python3.12/site-packages/tempest/lib/common/dynamic_creds.py", line 459, in get_credentials
    network, subnet, router = self._create_network_resources(
                              ^^^^^^^^^^^^^^^^^^^^^^^^^^^^^^^

      File "/home/stguser/devstack/python-tempestconf/.venv/lib/python3.12/site-packages/tempest/lib/common/dynamic_creds.py", line 310, in _create_network_resources
    network = self._create_network(network_name, tenant_id)
              ^^^^^^^^^^^^^^^^^^^^^^^^^^^^^^^^^^^^^^^^^^^^^

      File "/home/stguser/devstack/python-tempestconf/.venv/lib/python3.12/site-packages/tempest/lib/common/dynamic_creds.py", line 338, in _create_network
    resp_body = self.networks_admin_client.create_network(
                ^^^^^^^^^^^^^^^^^^^^^^^^^^^^^^^^^^^^^^^^^^

      File "/home/stguser/devstack/python-tempestconf/.venv/lib/python3.12/site-packages/tempest/lib/services/network/networks_client.py", line 27, in create_network
    return self.create_resource(uri, post_data)
           ^^^^^^^^^^^^^^^^^^^^^^^^^^^^^^^^^^^^

      File "/home/stguser/devstack/python-tempestconf/.venv/lib/python3.12/site-packages/tempest/lib/services/network/base.py", line 62, in create_resource
    resp, body = self.post(req_uri, req_post_data)
                 ^^^^^^^^^^^^^^^^^^^^^^^^^^^^^^^^^

      File "/home/stguser/devstack/python-tempestconf/.venv/lib/python3.12/site-packages/tempest/lib/common/rest_client.py", line 314, in post
    resp_header, resp_body = self.request(
                             ^^^^^^^^^^^^^

      File "/home/stguser/devstack/python-tempestconf/.venv/lib/python3.12/site-packages/tempest/lib/common/rest_client.py", line 746, in request
    resp, resp_body = self._request(method, url, headers=headers,
                      ^^^^^^^^^^^^^^^^^^^^^^^^^^^^^^^^^^^^^^^^^^^

      File "/home/stguser/devstack/python-tempestconf/.venv/lib/python3.12/site-packages/tempest/lib/common/rest_client.py", line 612, in _request
    resp, resp_body = self.raw_request(
                      ^^^^^^^^^^^^^^^^^

      File "/home/stguser/devstack/python-tempestconf/.venv/lib/python3.12/site-packages/tempest/lib/common/rest_client.py", line 661, in raw_request
    resp, resp_body = self.http_obj.request(
                      ^^^^^^^^^^^^^^^^^^^^^^

      File "/home/stguser/devstack/python-tempestconf/.venv/lib/python3.12/site-packages/tempest/lib/common/http.py", line 123, in request
    r = super(ClosingHttp, self).request(method, url, retries=retry,
        ^^^^^^^^^^^^^^^^^^^^^^^^^^^^^^^^^^^^^^^^^^^^^^^^^^^^^^^^^^^^

      File "/home/stguser/devstack/python-tempestconf/.venv/lib/python3.12/site-packages/urllib3/_request_methods.py", line 143, in request
    return self.request_encode_body(
           ^^^^^^^^^^^^^^^^^^^^^^^^^

      File "/home/stguser/devstack/python-tempestconf/.venv/lib/python3.12/site-packages/urllib3/_request_methods.py", line 278, in request_encode_body
    return self.urlopen(method, url, **extra_kw)
           ^^^^^^^^^^^^^^^^^^^^^^^^^^^^^^^^^^^^^

      File "/home/stguser/devstack/python-tempestconf/.venv/lib/python3.12/site-packages/urllib3/poolmanager.py", line 459, in urlopen
    response = conn.urlopen(method, u.request_uri, **kw)
               ^^^^^^^^^^^^^^^^^^^^^^^^^^^^^^^^^^^^^^^^^

      File "/home/stguser/devstack/python-tempestconf/.venv/lib/python3.12/site-packages/urllib3/connectionpool.py", line 841, in urlopen
    retries = retries.increment(
              ^^^^^^^^^^^^^^^^^^

      File "/home/stguser/devstack/python-tempestconf/.venv/lib/python3.12/site-packages/urllib3/util/retry.py", line 474, in increment
    raise reraise(type(error), error, _stacktrace)
          ^^^^^^^^^^^^^^^^^^^^^^^^^^^^^^^^^^^^^^^^

      File "/home/stguser/devstack/python-tempestconf/.venv/lib/python3.12/site-packages/urllib3/util/util.py", line 39, in reraise
    raise value

      File "/home/stguser/devstack/python-tempestconf/.venv/lib/python3.12/site-packages/urllib3/connectionpool.py", line 787, in urlopen
    response = self._make_request(
               ^^^^^^^^^^^^^^^^^^^

      File "/home/stguser/devstack/python-tempestconf/.venv/lib/python3.12/site-packages/urllib3/connectionpool.py", line 536, in _make_request
    self._raise_timeout(err=e, url=url, timeout_value=read_timeout)

      File "/home/stguser/devstack/python-tempestconf/.venv/lib/python3.12/site-packages/urllib3/connectionpool.py", line 367, in _raise_timeout
    raise ReadTimeoutError(

    urllib3.exceptions.ReadTimeoutError: HTTPConnectionPool(host='9.180.170.14', port=9696): Read timed out. (read timeout=60)

{22} setUpClass (tempest.api.volume.admin.test_volumes_actions.VolumesActionsTest) [0.000000s] ... FAILED

Captured traceback:
~~~~~~~~~~~~~~~~~~~
    Traceback (most recent call last):

      File "/home/stguser/devstack/python-tempestconf/.venv/lib/python3.12/site-packages/urllib3/connectionpool.py", line 534, in _make_request
    response = conn.getresponse()
               ^^^^^^^^^^^^^^^^^^

      File "/home/stguser/devstack/python-tempestconf/.venv/lib/python3.12/site-packages/urllib3/connection.py", line 565, in getresponse
    httplib_response = super().getresponse()
                       ^^^^^^^^^^^^^^^^^^^^^

      File "/usr/lib/python3.12/http/client.py", line 1428, in getresponse
    response.begin()

      File "/usr/lib/python3.12/http/client.py", line 331, in begin
    version, status, reason = self._read_status()
                              ^^^^^^^^^^^^^^^^^^^

      File "/usr/lib/python3.12/http/client.py", line 292, in _read_status
    line = str(self.fp.readline(_MAXLINE + 1), "iso-8859-1")
               ^^^^^^^^^^^^^^^^^^^^^^^^^^^^^^

      File "/usr/lib/python3.12/socket.py", line 707, in readinto
    return self._sock.recv_into(b)
           ^^^^^^^^^^^^^^^^^^^^^^^

    TimeoutError: timed out

    
The above exception was the direct cause of the following exception:


    Traceback (most recent call last):

      File "/home/stguser/devstack/python-tempestconf/.venv/lib/python3.12/site-packages/tempest/test.py", line 185, in setUpClass
    raise value.with_traceback(trace)

      File "/home/stguser/devstack/python-tempestconf/.venv/lib/python3.12/site-packages/tempest/test.py", line 170, in setUpClass
    cls.setup_credentials()

      File "/home/stguser/devstack/python-tempestconf/.venv/lib/python3.12/site-packages/tempest/api/volume/base.py", line 62, in setup_credentials
    super(BaseVolumeTest, cls).setup_credentials()

      File "/home/stguser/devstack/python-tempestconf/.venv/lib/python3.12/site-packages/tempest/test.py", line 398, in setup_credentials
    manager = cls.get_client_manager(
              ^^^^^^^^^^^^^^^^^^^^^^^

      File "/home/stguser/devstack/python-tempestconf/.venv/lib/python3.12/site-packages/tempest/test.py", line 743, in get_client_manager
    creds = getattr(cred_provider, credentials_method)()
            ^^^^^^^^^^^^^^^^^^^^^^^^^^^^^^^^^^^^^^^^^^^^

      File "/home/stguser/devstack/python-tempestconf/.venv/lib/python3.12/site-packages/tempest/lib/common/dynamic_creds.py", line 473, in get_primary_creds
    return self.get_project_member_creds()
           ^^^^^^^^^^^^^^^^^^^^^^^^^^^^^^^

      File "/home/stguser/devstack/python-tempestconf/.venv/lib/python3.12/site-packages/tempest/lib/common/dynamic_creds.py", line 514, in get_project_member_creds
    return self.get_credentials(['member'], scope='project')
           ^^^^^^^^^^^^^^^^^^^^^^^^^^^^^^^^^^^^^^^^^^^^^^^^^

      File "/home/stguser/devstack/python-tempestconf/.venv/lib/python3.12/site-packages/tempest/lib/common/dynamic_creds.py", line 459, in get_credentials
    network, subnet, router = self._create_network_resources(
                              ^^^^^^^^^^^^^^^^^^^^^^^^^^^^^^^

      File "/home/stguser/devstack/python-tempestconf/.venv/lib/python3.12/site-packages/tempest/lib/common/dynamic_creds.py", line 310, in _create_network_resources
    network = self._create_network(network_name, tenant_id)
              ^^^^^^^^^^^^^^^^^^^^^^^^^^^^^^^^^^^^^^^^^^^^^

      File "/home/stguser/devstack/python-tempestconf/.venv/lib/python3.12/site-packages/tempest/lib/common/dynamic_creds.py", line 338, in _create_network
    resp_body = self.networks_admin_client.create_network(
                ^^^^^^^^^^^^^^^^^^^^^^^^^^^^^^^^^^^^^^^^^^

      File "/home/stguser/devstack/python-tempestconf/.venv/lib/python3.12/site-packages/tempest/lib/services/network/networks_client.py", line 27, in create_network
    return self.create_resource(uri, post_data)
           ^^^^^^^^^^^^^^^^^^^^^^^^^^^^^^^^^^^^

      File "/home/stguser/devstack/python-tempestconf/.venv/lib/python3.12/site-packages/tempest/lib/services/network/base.py", line 62, in create_resource
    resp, body = self.post(req_uri, req_post_data)
                 ^^^^^^^^^^^^^^^^^^^^^^^^^^^^^^^^^

      File "/home/stguser/devstack/python-tempestconf/.venv/lib/python3.12/site-packages/tempest/lib/common/rest_client.py", line 314, in post
    resp_header, resp_body = self.request(
                             ^^^^^^^^^^^^^

      File "/home/stguser/devstack/python-tempestconf/.venv/lib/python3.12/site-packages/tempest/lib/common/rest_client.py", line 746, in request
    resp, resp_body = self._request(method, url, headers=headers,
                      ^^^^^^^^^^^^^^^^^^^^^^^^^^^^^^^^^^^^^^^^^^^

      File "/home/stguser/devstack/python-tempestconf/.venv/lib/python3.12/site-packages/tempest/lib/common/rest_client.py", line 612, in _request
    resp, resp_body = self.raw_request(
                      ^^^^^^^^^^^^^^^^^

      File "/home/stguser/devstack/python-tempestconf/.venv/lib/python3.12/site-packages/tempest/lib/common/rest_client.py", line 661, in raw_request
    resp, resp_body = self.http_obj.request(
                      ^^^^^^^^^^^^^^^^^^^^^^

      File "/home/stguser/devstack/python-tempestconf/.venv/lib/python3.12/site-packages/tempest/lib/common/http.py", line 123, in request
    r = super(ClosingHttp, self).request(method, url, retries=retry,
        ^^^^^^^^^^^^^^^^^^^^^^^^^^^^^^^^^^^^^^^^^^^^^^^^^^^^^^^^^^^^

      File "/home/stguser/devstack/python-tempestconf/.venv/lib/python3.12/site-packages/urllib3/_request_methods.py", line 143, in request
    return self.request_encode_body(
           ^^^^^^^^^^^^^^^^^^^^^^^^^

      File "/home/stguser/devstack/python-tempestconf/.venv/lib/python3.12/site-packages/urllib3/_request_methods.py", line 278, in request_encode_body
    return self.urlopen(method, url, **extra_kw)
           ^^^^^^^^^^^^^^^^^^^^^^^^^^^^^^^^^^^^^

      File "/home/stguser/devstack/python-tempestconf/.venv/lib/python3.12/site-packages/urllib3/poolmanager.py", line 459, in urlopen
    response = conn.urlopen(method, u.request_uri, **kw)
               ^^^^^^^^^^^^^^^^^^^^^^^^^^^^^^^^^^^^^^^^^

      File "/home/stguser/devstack/python-tempestconf/.venv/lib/python3.12/site-packages/urllib3/connectionpool.py", line 841, in urlopen
    retries = retries.increment(
              ^^^^^^^^^^^^^^^^^^

      File "/home/stguser/devstack/python-tempestconf/.venv/lib/python3.12/site-packages/urllib3/util/retry.py", line 474, in increment
    raise reraise(type(error), error, _stacktrace)
          ^^^^^^^^^^^^^^^^^^^^^^^^^^^^^^^^^^^^^^^^

      File "/home/stguser/devstack/python-tempestconf/.venv/lib/python3.12/site-packages/urllib3/util/util.py", line 39, in reraise
    raise value

      File "/home/stguser/devstack/python-tempestconf/.venv/lib/python3.12/site-packages/urllib3/connectionpool.py", line 787, in urlopen
    response = self._make_request(
               ^^^^^^^^^^^^^^^^^^^

      File "/home/stguser/devstack/python-tempestconf/.venv/lib/python3.12/site-packages/urllib3/connectionpool.py", line 536, in _make_request
    self._raise_timeout(err=e, url=url, timeout_value=read_timeout)

      File "/home/stguser/devstack/python-tempestconf/.venv/lib/python3.12/site-packages/urllib3/connectionpool.py", line 367, in _raise_timeout
    raise ReadTimeoutError(

    urllib3.exceptions.ReadTimeoutError: HTTPConnectionPool(host='9.180.170.14', port=9696): Read timed out. (read timeout=60)

{25} tempest.api.volume.test_volume_metadata.VolumesMetadataTest.test_crud_volume_metadata [12.055904s] ... ok
{26} tempest.api.volume.admin.test_volume_quotas_negative.VolumeQuotasNegativeTestJSON.test_quota_volume_gigabytes [11.618665s] ... ok
{9} tempest.api.volume.admin.test_user_messages.UserMessagesTest.test_delete_message [113.835296s] ... ok
{3} tempest.api.volume.admin.test_volume_quotas.VolumeQuotasAdminTestJSON.test_delete_quota [99.954714s] ... ok
{25} tempest.api.volume.test_volume_metadata.VolumesMetadataTest.test_update_show_volume_metadata_item [14.657338s] ... ok
{3} tempest.api.volume.admin.test_volume_quotas.VolumeQuotasAdminTestJSON.test_list_default_quotas [2.638096s] ... ok
{26} tempest.api.volume.admin.test_volume_quotas_negative.VolumeQuotasNegativeTestJSON.test_quota_volumes [15.473823s] ... ok
{3} tempest.api.volume.admin.test_volume_quotas.VolumeQuotasAdminTestJSON.test_list_quotas [0.943275s] ... ok
{8} tempest.api.volume.test_volumes_clone_negative.VolumesCloneNegativeTest.test_create_from_volume_decreasing_size [142.914557s] ... ok
{13} tempest.api.volume.admin.test_qos.QosSpecsTestJSON.test_associate_disassociate_qos [101.520404s] ... ok
{31} tempest.api.volume.test_snapshot_metadata.SnapshotMetadataTestJSON.test_crud_snapshot_metadata [5.459293s] ... ok
{19} setUpClass (tempest.api.volume.admin.test_volume_retype.VolumeRetypeWithoutMigrationTest) [0.000000s] ... FAILED

Captured traceback:
~~~~~~~~~~~~~~~~~~~
    Traceback (most recent call last):

      File "/home/stguser/devstack/python-tempestconf/.venv/lib/python3.12/site-packages/tempest/test.py", line 185, in setUpClass
    raise value.with_traceback(trace)

      File "/home/stguser/devstack/python-tempestconf/.venv/lib/python3.12/site-packages/tempest/test.py", line 178, in setUpClass
    cls.resource_setup()

      File "/home/stguser/devstack/python-tempestconf/.venv/lib/python3.12/site-packages/tempest/api/volume/admin/test_volume_retype.py", line 172, in resource_setup
    cls.src_vol_type = cls.create_volume_type('volume-type-1')
                       ^^^^^^^^^^^^^^^^^^^^^^^^^^^^^^^^^^^^^^^

      File "/home/stguser/devstack/python-tempestconf/.venv/lib/python3.12/site-packages/tempest/api/volume/base.py", line 366, in create_volume_type
    volume_type = self.admin_volume_types_client.create_volume_type(
                  ^^^^^^^^^^^^^^^^^^^^^^^^^^^^^^^^^^^^^^^^^^^^^^^^^^

      File "/home/stguser/devstack/python-tempestconf/.venv/lib/python3.12/site-packages/tempest/lib/services/volume/v3/types_client.py", line 90, in create_volume_type
    resp, body = self.post('types', post_body)
                 ^^^^^^^^^^^^^^^^^^^^^^^^^^^^^

      File "/home/stguser/devstack/python-tempestconf/.venv/lib/python3.12/site-packages/tempest/lib/common/rest_client.py", line 314, in post
    resp_header, resp_body = self.request(
                             ^^^^^^^^^^^^^

      File "/home/stguser/devstack/python-tempestconf/.venv/lib/python3.12/site-packages/tempest/lib/common/rest_client.py", line 762, in request
    self._error_checker(resp, resp_body)

      File "/home/stguser/devstack/python-tempestconf/.venv/lib/python3.12/site-packages/tempest/lib/common/rest_client.py", line 892, in _error_checker
    raise exceptions.Conflict(resp_body, resp=resp)

    tempest.lib.exceptions.Conflict: Conflict with state of target resource
Details: {'code': 409, 'message': 'Volume Type volume-type-1 already exists.'}

{11} tempest.api.volume.admin.test_snapshots_actions.SnapshotsActionsTest.test_reset_snapshot_status [2.819296s] ... ok
{23} setUpClass (tempest.api.volume.test_volumes_snapshots.VolumesSnapshotTestJSON) [0.000000s] ... FAILED

Captured traceback:
~~~~~~~~~~~~~~~~~~~
    Traceback (most recent call last):

      File "/home/stguser/devstack/python-tempestconf/.venv/lib/python3.12/site-packages/urllib3/connectionpool.py", line 534, in _make_request
    response = conn.getresponse()
               ^^^^^^^^^^^^^^^^^^

      File "/home/stguser/devstack/python-tempestconf/.venv/lib/python3.12/site-packages/urllib3/connection.py", line 565, in getresponse
    httplib_response = super().getresponse()
                       ^^^^^^^^^^^^^^^^^^^^^

      File "/usr/lib/python3.12/http/client.py", line 1428, in getresponse
    response.begin()

      File "/usr/lib/python3.12/http/client.py", line 331, in begin
    version, status, reason = self._read_status()
                              ^^^^^^^^^^^^^^^^^^^

      File "/usr/lib/python3.12/http/client.py", line 292, in _read_status
    line = str(self.fp.readline(_MAXLINE + 1), "iso-8859-1")
               ^^^^^^^^^^^^^^^^^^^^^^^^^^^^^^

      File "/usr/lib/python3.12/socket.py", line 707, in readinto
    return self._sock.recv_into(b)
           ^^^^^^^^^^^^^^^^^^^^^^^

    TimeoutError: timed out

    
The above exception was the direct cause of the following exception:


    Traceback (most recent call last):

      File "/home/stguser/devstack/python-tempestconf/.venv/lib/python3.12/site-packages/tempest/test.py", line 185, in setUpClass
    raise value.with_traceback(trace)

      File "/home/stguser/devstack/python-tempestconf/.venv/lib/python3.12/site-packages/tempest/test.py", line 170, in setUpClass
    cls.setup_credentials()

      File "/home/stguser/devstack/python-tempestconf/.venv/lib/python3.12/site-packages/tempest/api/volume/base.py", line 62, in setup_credentials
    super(BaseVolumeTest, cls).setup_credentials()

      File "/home/stguser/devstack/python-tempestconf/.venv/lib/python3.12/site-packages/tempest/test.py", line 398, in setup_credentials
    manager = cls.get_client_manager(
              ^^^^^^^^^^^^^^^^^^^^^^^

      File "/home/stguser/devstack/python-tempestconf/.venv/lib/python3.12/site-packages/tempest/test.py", line 743, in get_client_manager
    creds = getattr(cred_provider, credentials_method)()
            ^^^^^^^^^^^^^^^^^^^^^^^^^^^^^^^^^^^^^^^^^^^^

      File "/home/stguser/devstack/python-tempestconf/.venv/lib/python3.12/site-packages/tempest/lib/common/dynamic_creds.py", line 473, in get_primary_creds
    return self.get_project_member_creds()
           ^^^^^^^^^^^^^^^^^^^^^^^^^^^^^^^

      File "/home/stguser/devstack/python-tempestconf/.venv/lib/python3.12/site-packages/tempest/lib/common/dynamic_creds.py", line 514, in get_project_member_creds
    return self.get_credentials(['member'], scope='project')
           ^^^^^^^^^^^^^^^^^^^^^^^^^^^^^^^^^^^^^^^^^^^^^^^^^

      File "/home/stguser/devstack/python-tempestconf/.venv/lib/python3.12/site-packages/tempest/lib/common/dynamic_creds.py", line 459, in get_credentials
    network, subnet, router = self._create_network_resources(
                              ^^^^^^^^^^^^^^^^^^^^^^^^^^^^^^^

      File "/home/stguser/devstack/python-tempestconf/.venv/lib/python3.12/site-packages/tempest/lib/common/dynamic_creds.py", line 314, in _create_network_resources
    subnet = self._create_subnet(subnet_name, tenant_id,
             ^^^^^^^^^^^^^^^^^^^^^^^^^^^^^^^^^^^^^^^^^^^

      File "/home/stguser/devstack/python-tempestconf/.venv/lib/python3.12/site-packages/tempest/lib/common/dynamic_creds.py", line 349, in _create_subnet
    create_subnet(

      File "/home/stguser/devstack/python-tempestconf/.venv/lib/python3.12/site-packages/tempest/lib/services/network/subnets_client.py", line 27, in create_subnet
    return self.create_resource(uri, post_data)
           ^^^^^^^^^^^^^^^^^^^^^^^^^^^^^^^^^^^^

      File "/home/stguser/devstack/python-tempestconf/.venv/lib/python3.12/site-packages/tempest/lib/services/network/base.py", line 62, in create_resource
    resp, body = self.post(req_uri, req_post_data)
                 ^^^^^^^^^^^^^^^^^^^^^^^^^^^^^^^^^

      File "/home/stguser/devstack/python-tempestconf/.venv/lib/python3.12/site-packages/tempest/lib/common/rest_client.py", line 314, in post
    resp_header, resp_body = self.request(
                             ^^^^^^^^^^^^^

      File "/home/stguser/devstack/python-tempestconf/.venv/lib/python3.12/site-packages/tempest/lib/common/rest_client.py", line 746, in request
    resp, resp_body = self._request(method, url, headers=headers,
                      ^^^^^^^^^^^^^^^^^^^^^^^^^^^^^^^^^^^^^^^^^^^

      File "/home/stguser/devstack/python-tempestconf/.venv/lib/python3.12/site-packages/tempest/lib/common/rest_client.py", line 612, in _request
    resp, resp_body = self.raw_request(
                      ^^^^^^^^^^^^^^^^^

      File "/home/stguser/devstack/python-tempestconf/.venv/lib/python3.12/site-packages/tempest/lib/common/rest_client.py", line 661, in raw_request
    resp, resp_body = self.http_obj.request(
                      ^^^^^^^^^^^^^^^^^^^^^^

      File "/home/stguser/devstack/python-tempestconf/.venv/lib/python3.12/site-packages/tempest/lib/common/http.py", line 123, in request
    r = super(ClosingHttp, self).request(method, url, retries=retry,
        ^^^^^^^^^^^^^^^^^^^^^^^^^^^^^^^^^^^^^^^^^^^^^^^^^^^^^^^^^^^^

      File "/home/stguser/devstack/python-tempestconf/.venv/lib/python3.12/site-packages/urllib3/_request_methods.py", line 143, in request
    return self.request_encode_body(
           ^^^^^^^^^^^^^^^^^^^^^^^^^

      File "/home/stguser/devstack/python-tempestconf/.venv/lib/python3.12/site-packages/urllib3/_request_methods.py", line 278, in request_encode_body
    return self.urlopen(method, url, **extra_kw)
           ^^^^^^^^^^^^^^^^^^^^^^^^^^^^^^^^^^^^^

      File "/home/stguser/devstack/python-tempestconf/.venv/lib/python3.12/site-packages/urllib3/poolmanager.py", line 459, in urlopen
    response = conn.urlopen(method, u.request_uri, **kw)
               ^^^^^^^^^^^^^^^^^^^^^^^^^^^^^^^^^^^^^^^^^

      File "/home/stguser/devstack/python-tempestconf/.venv/lib/python3.12/site-packages/urllib3/connectionpool.py", line 841, in urlopen
    retries = retries.increment(
              ^^^^^^^^^^^^^^^^^^

      File "/home/stguser/devstack/python-tempestconf/.venv/lib/python3.12/site-packages/urllib3/util/retry.py", line 474, in increment
    raise reraise(type(error), error, _stacktrace)
          ^^^^^^^^^^^^^^^^^^^^^^^^^^^^^^^^^^^^^^^^

      File "/home/stguser/devstack/python-tempestconf/.venv/lib/python3.12/site-packages/urllib3/util/util.py", line 39, in reraise
    raise value

      File "/home/stguser/devstack/python-tempestconf/.venv/lib/python3.12/site-packages/urllib3/connectionpool.py", line 787, in urlopen
    response = self._make_request(
               ^^^^^^^^^^^^^^^^^^^

      File "/home/stguser/devstack/python-tempestconf/.venv/lib/python3.12/site-packages/urllib3/connectionpool.py", line 536, in _make_request
    self._raise_timeout(err=e, url=url, timeout_value=read_timeout)

      File "/home/stguser/devstack/python-tempestconf/.venv/lib/python3.12/site-packages/urllib3/connectionpool.py", line 367, in _raise_timeout
    raise ReadTimeoutError(

    urllib3.exceptions.ReadTimeoutError: HTTPConnectionPool(host='9.180.170.14', port=9696): Read timed out. (read timeout=60)

{31} tempest.api.volume.test_snapshot_metadata.SnapshotMetadataTestJSON.test_update_show_snapshot_metadata_item [4.532275s] ... ok
{12} tempest.api.volume.admin.test_volume_services.VolumesServicesTestJSON.test_get_service_by_volume_host_name [109.168537s] ... ok
{12} tempest.api.volume.admin.test_volume_services.VolumesServicesTestJSON.test_list_services [0.143432s] ... ok
{14} tempest.api.volume.test_volumes_negative.VolumesNegativeTest.test_attach_volumes_with_nonexistent_volume_id [58.324019s] ... FAILED

Captured traceback:
~~~~~~~~~~~~~~~~~~~
    Traceback (most recent call last):

      File "/home/stguser/devstack/python-tempestconf/.venv/lib/python3.12/site-packages/tempest/common/utils/__init__.py", line 65, in wrapper
    return f(*func_args, **func_kwargs)
           ^^^^^^^^^^^^^^^^^^^^^^^^^^^^

      File "/home/stguser/devstack/python-tempestconf/.venv/lib/python3.12/site-packages/tempest/api/volume/test_volumes_negative.py", line 188, in test_attach_volumes_with_nonexistent_volume_id
    server = self.create_server()
             ^^^^^^^^^^^^^^^^^^^^

      File "/home/stguser/devstack/python-tempestconf/.venv/lib/python3.12/site-packages/tempest/api/volume/base.py", line 270, in create_server
    body, _ = compute.create_test_server(
              ^^^^^^^^^^^^^^^^^^^^^^^^^^^

      File "/home/stguser/devstack/python-tempestconf/.venv/lib/python3.12/site-packages/tempest/common/compute.py", line 343, in create_test_server
    with excutils.save_and_reraise_exception():

      File "/home/stguser/devstack/python-tempestconf/.venv/lib/python3.12/site-packages/oslo_utils/excutils.py", line 227, in __exit__
    self.force_reraise()

      File "/home/stguser/devstack/python-tempestconf/.venv/lib/python3.12/site-packages/oslo_utils/excutils.py", line 200, in force_reraise
    raise self.value

      File "/home/stguser/devstack/python-tempestconf/.venv/lib/python3.12/site-packages/tempest/common/compute.py", line 326, in create_test_server
    server = waiters.wait_for_server_status(
             ^^^^^^^^^^^^^^^^^^^^^^^^^^^^^^^

      File "/home/stguser/devstack/python-tempestconf/.venv/lib/python3.12/site-packages/tempest/common/waiters.py", line 80, in wait_for_server_status
    raise exceptions.BuildErrorException(details, server_id=server_id)

    tempest.exceptions.BuildErrorException: Server 9e544387-5376-4169-8956-2c18ff82b9ea failed to build and is in ERROR status
Details:  Request ID of server operation performed before checking the server status req-c0032a9e-b807-41e6-8989-066551292c78.


Captured pythonlogging:
~~~~~~~~~~~~~~~~~~~~~~~
    2025-09-12 14:14:45,942 3065469 INFO     [tempest.lib.common.rest_client] Request (VolumesNegativeTest:test_attach_volumes_with_nonexistent_volume_id): 201 POST http://9.180.170.14/identity/v3/auth/tokens 0.419s
2025-09-12 14:14:46,030 3065469 DEBUG    [tempest.lib.common.rest_client] Request - Headers: {'Content-Type': 'application/json', 'Accept': 'application/json'}
        Body: <omitted>
    Response - Headers: {'date': 'Fri, 12 Sep 2025 14:14:45 GMT', 'server': 'Apache/2.4.58 (Ubuntu)', 'content-type': 'application/json', 'content-length': '2504', 'x-subject-token': '<omitted>', 'vary': 'X-Auth-Token', 'x-openstack-request-id': 'req-cafbbbce-7b9a-4f0e-af33-2dc3df6fb7d1', 'connection': 'close', 'status': '201', 'content-location': 'http://9.180.170.14/identity/v3/auth/tokens'}
        Body: b'{"token": {"methods": ["password"], "user": {"domain": {"id": "default", "name": "Default"}, "id": "b520d7d7cd0448838c4b7e68bb2cbf58", "name": "tempest-VolumesNegativeTest-614508170-project-member", "password_expires_at": null}, "audit_ids": ["icR57sx-Sm2j642CucRG0g"], "expires_at": "2025-09-12T15:14:45.000000Z", "issued_at": "2025-09-12T14:14:45.000000Z", "project": {"domain": {"id": "default", "name": "Default"}, "id": "6e509b279cdf4ef1847e574b97c796ff", "name": "tempest-VolumesNegativeTest-614508170"}, "is_domain": false, "roles": [{"id": "0318ff2ff2ad4fe09a237fa5e50f6f5e", "name": "member"}, {"id": "a4702ed7d4924839ac242110be92a2e7", "name": "reader"}], "catalog": [{"endpoints": [{"id": "d6c766b1e6ad4c98a760198d1a6b1df5", "interface": "public", "region_id": "RegionOne", "url": "http://9.180.170.14/image", "region": "RegionOne"}], "id": "0c66eabb6e174632ba37e112ade6910b", "type": "image", "name": "glance"}, {"endpoints": [{"id": "6b7996518fd3420e913478ccc29baf1e", "interface": "public", "region_id": "RegionOne", "url": "http://9.180.170.14/volume/v3", "region": "RegionOne"}], "id": "15ca64b596d24cb5af8c4eee2b076782", "type": "block-storage", "name": "cinder"}, {"endpoints": [{"id": "eb2749a58ec24dfb94178686d693c5cf", "interface": "public", "region_id": "RegionOne", "url": "http://9.180.170.14/compute/v2/6e509b279cdf4ef1847e574b97c796ff", "region": "RegionOne"}], "id": "34084b350dbc4f95b11dbf5b69499358", "type": "compute_legacy", "name": "nova_legacy"}, {"endpoints": [{"id": "db918ce86a8144c5bf984ac6cd3965ec", "interface": "public", "region_id": "RegionOne", "url": "http://9.180.170.14/placement", "region": "RegionOne"}], "id": "7f822a9ddd874a49998cb8a886c187e0", "type": "placement", "name": "placement"}, {"endpoints": [{"id": "f731e3bc851d425198b759da0d77cf5d", "interface": "public", "region_id": "RegionOne", "url": "http://9.180.170.14:9696/networking", "region": "RegionOne"}], "id": "8125845998564568b87ba757d7b63c81", "type": "network", "name": "neutron"}, {"endpoints": [{"id": "9012c0ae45834805869e04e0209b4dab", "interface": "public", "region_id": "RegionOne", "url": "http://9.180.170.14/identity", "region": "RegionOne"}], "id": "8664912605c04c888b898d2ec84e91bf", "type": "identity", "name": "keystone"}, {"endpoints": [{"id": "d794c89b75a0464f8ba6fd204cab0ed6", "interface": "public", "region_id": "RegionOne", "url": "http://9.180.170.14/compute/v2.1", "region": "RegionOne"}], "id": "c5587a973a6140f1977d88ed7c7983e3", "type": "compute", "name": "nova"}]}}'
2025-09-12 14:14:46,031 3065469 INFO     [tempest.lib.common.fixed_network] (VolumesNegativeTest:test_attach_volumes_with_nonexistent_volume_id) Found network None available for tenant
2025-09-12 14:15:08,964 3065469 INFO     [tempest.lib.common.rest_client] Request (VolumesNegativeTest:test_attach_volumes_with_nonexistent_volume_id): 202 POST http://9.180.170.14/compute/v2.1/servers 22.930s
2025-09-12 14:15:09,043 3065469 DEBUG    [tempest.lib.common.rest_client] Request - Headers: {'Content-Type': 'application/json', 'Accept': 'application/json', 'X-Auth-Token': '<omitted>'}
        Body: {"server": {"name": "tempest-VolumesNegativeTest-instance-1854828899", "imageRef": "e0ae62a3-91c6-40f7-8147-acab952b63ac", "flavorRef": "42"}}
    Response - Headers: {'date': 'Fri, 1
    2 Sep 2025 14:14:46 GMT', 'server': 'Apache/2.4.58 (Ubuntu)', 'content-length': '382', 'location': 'http://9.180.170.14/compute/v2.1/servers/9e544387-5376-4169-8956-2c18ff82b9ea', 'content-type': 'application/json', 'openstack-api-version': 'compute 2.1', 'x-openstack-nova-api-version': '2.1', 'vary': 'OpenStack-API-Version,X-OpenStack-Nova-API-Version', 'x-openstack-request-id': 'req-c0032a9e-b807-41e6-8989-066551292c78', 'x-compute-request-id': 'req-c0032a9e-b807-41e6-8989-066551292c78', 'connection': 'close', 'status': '202', 'content-location': 'http://9.180.170.14/compute/v2.1/servers'}
        Body: b'{"server": {"id": "9e544387-5376-4169-8956-2c18ff82b9ea", "links": [{"rel": "self", "href": "http://9.180.170.14/compute/v2.1/servers/9e544387-5376-4169-8956-2c18ff82b9ea"}, {"rel": "bookmark", "href": "http://9.180.170.14/compute/servers/9e544387-5376-4169-8956-2c18ff82b9ea"}], "OS-DCF:diskConfig": "MANUAL", "security_groups": [{"name": "default"}], "adminPass": "E8HBrfZh72om"}}'
2025-09-12 14:15:12,638 3065469 INFO     [tempest.lib.common.rest_client] Request (VolumesNegativeTest:test_attach_volumes_with_nonexistent_volume_id): 200 GET http://9.180.170.14/compute/v2.1/servers/9e544387-5376-4169-8956-2c18ff82b9ea 3.589s
2025-09-12 14:15:12,638 3065469 DEBUG    [tempest.lib.common.rest_client] Request - Headers: {'Content-Type': 'application/json', 'Accept': 'application/json', 'X-Auth-Token': '<omitted>'}
        Body: None
    Response - Headers: {'date': 'Fri, 12 Sep 2025 14:15:09 GMT', 'server': 'Apache/2.4.58 (Ubuntu)', 'content-length': '1217', 'content-type': 'application/json', 'openstack-api-version': 'compute 2.1', 'x-openstack-nova-api-version': '2.1', 'vary': 'OpenStack-API-Version,X-OpenStack-Nova-API-Version', 'x-openstack-request-id': 'req-e3aae540-d262-4130-8384-f6c069326c4a', 'x-compute-request-id': 'req-e3aae540-d262-4130-8384-f6c069326c4a', 'connection': 'close', 'status': '200', 'content-location': 'http://9.180.170.14/compute/v2.1/servers/9e544387-5376-4169-8956-2c18ff82b9ea'}
        Body: b'{"server": {"id": "9e544387-5376-4169-8956-2c18ff82b9ea", "name": "tempest-VolumesNegativeTest-instance-1854828899", "status": "BUILD", "tenant_id": "6e509b279cdf4ef1847e574b97c796ff", "user_id": "b520d7d7cd0448838c4b7e68bb2cbf58", "metadata": {}, "hostId": "", "image": {"id": "e0ae62a3-91c6-40f7-8147-acab952b63ac", "links": [{"rel": "bookmark", "href": "http://9.180.170.14/compute/images/e0ae62a3-91c6-40f7-8147-acab952b63ac"}]}, "flavor": {"id": "42", "links": [{"rel": "bookmark", "href": "http://9.180.170.14/compute/flavors/42"}]}, "created": "2025-09-12T14:15:03Z", "updated": "2025-09-12T14:15:09Z", "addresses": {}, "accessIPv4": "", "accessIPv6": "", "links": [{"rel": "self", "href": "http://9.180.170.14/compute/v2.1/servers/9e544387-5376-4169-8956-2c18ff82b9ea"}, {"rel": "bookmark", "href": "http://9.180.170.14/compute/servers/9e544387-5376-4169-8956-2c18ff82b9ea"}], "OS-DCF:diskConfig": "MANUAL", "progress": 0, "OS-EXT-AZ:availability_zone": "", "config_drive": "", "key_name": null, "OS-SRV-USG:launched_at": null, "OS-SRV-USG:terminated_at": null, "OS-EXT-STS:task_state": "scheduling", "OS-EXT-STS:vm_state": "building", "OS-EXT-STS:power_state": 0, "os-extended-volumes:volumes_attached": []}}'
2025-09-12 14:15:13,875 3065469 INFO     [tempest.lib.common.rest_client] Request (VolumesNegativeTest:test_attach_volumes_with_nonexistent_volume_id): 200 GET http://9.180.170.14/compute/v2.1/servers/9e544387-5376-4169-8956-2c18ff82b9ea 0.205s
2025-09-12 14:15:13,875 3065469 DEBUG    [tempest.lib.common.rest_client] Request - Headers: {'Content-Type': 'application/json', 'Accept': 'application/json', 'X-Auth-Token': '<omitted>'}
        Body: None
    Response - Headers: {'date': 'Fri, 12 Sep 2025 14:15:13 GMT', 'server': 'Apache/2.4.58 (Ubuntu)', 'content-length': '1217', 'content-type': 'application/json', 'openstack-api-version': 'compute 2.1', 'x-openstack-nova-api-version': '2.1', 'vary': 'OpenStack-API-Version,X-OpenStack-Nova-API-Version', 'x-openstack-request-id': 'req-dbf66214-a716-42ac-a0c0-801a12111ea7
    ', 'x-compute-request-id': 'req-dbf66214-a716-42ac-a0c0-801a12111ea7', 'connection': 'close', 'status': '200', 'content-location': 'http://9.180.170.14/compute/v2.1/servers/9e544387-5376-4169-8956-2c18ff82b9ea'}
        Body: b'{"server": {"id": "9e544387-5376-4169-8956-2c18ff82b9ea", "name": "tempest-VolumesNegativeTest-instance-1854828899", "status": "BUILD", "tenant_id": "6e509b279cdf4ef1847e574b97c796ff", "user_id": "b520d7d7cd0448838c4b7e68bb2cbf58", "metadata": {}, "hostId": "", "image": {"id": "e0ae62a3-91c6-40f7-8147-acab952b63ac", "links": [{"rel": "bookmark", "href": "http://9.180.170.14/compute/images/e0ae62a3-91c6-40f7-8147-acab952b63ac"}]}, "flavor": {"id": "42", "links": [{"rel": "bookmark", "href": "http://9.180.170.14/compute/flavors/42"}]}, "created": "2025-09-12T14:15:03Z", "updated": "2025-09-12T14:15:13Z", "addresses": {}, "accessIPv4": "", "accessIPv6": "", "links": [{"rel": "self", "href": "http://9.180.170.14/compute/v2.1/servers/9e544387-5376-4169-8956-2c18ff82b9ea"}, {"rel": "bookmark", "href": "http://9.180.170.14/compute/servers/9e544387-5376-4169-8956-2c18ff82b9ea"}], "OS-DCF:diskConfig": "MANUAL", "progress": 0, "OS-EXT-AZ:availability_zone": "", "config_drive": "", "key_name": null, "OS-SRV-USG:launched_at": null, "OS-SRV-USG:terminated_at": null, "OS-EXT-STS:task_state": "scheduling", "OS-EXT-STS:vm_state": "building", "OS-EXT-STS:power_state": 0, "os-extended-volumes:volumes_attached": []}}'
2025-09-12 14:15:15,729 3065469 INFO     [tempest.lib.common.rest_client] Request (VolumesNegativeTest:test_attach_volumes_with_nonexistent_volume_id): 200 GET http://9.180.170.14/compute/v2.1/servers/9e544387-5376-4169-8956-2c18ff82b9ea 0.837s
2025-09-12 14:15:15,730 3065469 DEBUG    [tempest.lib.common.rest_client] Request - Headers: {'Content-Type': 'application/json', 'Accept': 'application/json', 'X-Auth-Token': '<omitted>'}
        Body: None
    Response - Headers: {'date': 'Fri, 12 Sep 2025 14:15:14 GMT', 'server': 'Apache/2.4.58 (Ubuntu)', 'content-length': '1217', 'content-type': 'application/json', 'openstack-api-version': 'compute 2.1', 'x-openstack-nova-api-version': '2.1', 'vary': 'OpenStack-API-Version,X-OpenStack-Nova-API-Version', 'x-openstack-request-id': 'req-9ace2203-10da-40f9-8c06-81ae05920d01', 'x-compute-request-id': 'req-9ace2203-10da-40f9-8c06-81ae05920d01', 'connection': 'close', 'status': '200', 'content-location': 'http://9.180.170.14/compute/v2.1/servers/9e544387-5376-4169-8956-2c18ff82b9ea'}
        Body: b'{"server": {"id": "9e544387-5376-4169-8956-2c18ff82b9ea", "name": "tempest-VolumesNegativeTest-instance-1854828899", "status": "BUILD", "tenant_id": "6e509b279cdf4ef1847e574b97c796ff", "user_id": "b520d7d7cd0448838c4b7e68bb2cbf58", "metadata": {}, "hostId": "", "image": {"id": "e0ae62a3-91c6-40f7-8147-acab952b63ac", "links": [{"rel": "bookmark", "href": "http://9.180.170.14/compute/images/e0ae62a3-91c6-40f7-8147-acab952b63ac"}]}, "flavor": {"id": "42", "links": [{"rel": "bookmark", "href": "http://9.180.170.14/compute/flavors/42"}]}, "created": "2025-09-12T14:15:03Z", "updated": "2025-09-12T14:15:14Z", "addresses": {}, "accessIPv4": "", "accessIPv6": "", "links": [{"rel": "self", "href": "http://9.180.170.14/compute/v2.1/servers/9e544387-5376-4169-8956-2c18ff82b9ea"}, {"rel": "bookmark", "href": "http://9.180.170.14/compute/servers/9e544387-5376-4169-8956-2c18ff82b9ea"}], "OS-DCF:diskConfig": "MANUAL", "progress": 0, "OS-EXT-AZ:availability_zone": "", "config_drive": "", "key_name": null, "OS-SRV-USG:launched_at": null, "OS-SRV-USG:terminated_at": null, "OS-EXT-STS:task_state": "scheduling", "OS-EXT-STS:vm_state": "building", "OS-EXT-STS:power_state": 0, "os-extended-volumes:volumes_attached": []}}'
2025-09-12 14:15:16,897 3065469 INFO     [tempest.lib.common.rest_client] Request (VolumesNegativeTest:test_attach_volumes_with_nonexistent_volume_id): 200 GET http://9.180.170.14/compute/v2.1/servers/9e544387-5376-4169-8956-2c18ff82b9ea 0.149s
2025-09-12 14:15:16,897 3065469 DEBUG    [tempest.lib.common.rest_client] Request - Headers: {'Content-Type': 'application/json', 'A
    ccept': 'application/json', 'X-Auth-Token': '<omitted>'}
        Body: None
    Response - Headers: {'date': 'Fri, 12 Sep 2025 14:15:16 GMT', 'server': 'Apache/2.4.58 (Ubuntu)', 'content-length': '1217', 'content-type': 'application/json', 'openstack-api-version': 'compute 2.1', 'x-openstack-nova-api-version': '2.1', 'vary': 'OpenStack-API-Version,X-OpenStack-Nova-API-Version', 'x-openstack-request-id': 'req-43d80b2b-f91c-4014-ae32-b1bd5ad47f23', 'x-compute-request-id': 'req-43d80b2b-f91c-4014-ae32-b1bd5ad47f23', 'connection': 'close', 'status': '200', 'content-location': 'http://9.180.170.14/compute/v2.1/servers/9e544387-5376-4169-8956-2c18ff82b9ea'}
        Body: b'{"server": {"id": "9e544387-5376-4169-8956-2c18ff82b9ea", "name": "tempest-VolumesNegativeTest-instance-1854828899", "status": "BUILD", "tenant_id": "6e509b279cdf4ef1847e574b97c796ff", "user_id": "b520d7d7cd0448838c4b7e68bb2cbf58", "metadata": {}, "hostId": "", "image": {"id": "e0ae62a3-91c6-40f7-8147-acab952b63ac", "links": [{"rel": "bookmark", "href": "http://9.180.170.14/compute/images/e0ae62a3-91c6-40f7-8147-acab952b63ac"}]}, "flavor": {"id": "42", "links": [{"rel": "bookmark", "href": "http://9.180.170.14/compute/flavors/42"}]}, "created": "2025-09-12T14:15:03Z", "updated": "2025-09-12T14:15:16Z", "addresses": {}, "accessIPv4": "", "accessIPv6": "", "links": [{"rel": "self", "href": "http://9.180.170.14/compute/v2.1/servers/9e544387-5376-4169-8956-2c18ff82b9ea"}, {"rel": "bookmark", "href": "http://9.180.170.14/compute/servers/9e544387-5376-4169-8956-2c18ff82b9ea"}], "OS-DCF:diskConfig": "MANUAL", "progress": 0, "OS-EXT-AZ:availability_zone": "", "config_drive": "", "key_name": null, "OS-SRV-USG:launched_at": null, "OS-SRV-USG:terminated_at": null, "OS-EXT-STS:task_state": "scheduling", "OS-EXT-STS:vm_state": "building", "OS-EXT-STS:power_state": 0, "os-extended-volumes:volumes_attached": []}}'
2025-09-12 14:15:18,106 3065469 INFO     [tempest.lib.common.rest_client] Request (VolumesNegativeTest:test_attach_volumes_with_nonexistent_volume_id): 200 GET http://9.180.170.14/compute/v2.1/servers/9e544387-5376-4169-8956-2c18ff82b9ea 0.190s
2025-09-12 14:15:18,119 3065469 DEBUG    [tempest.lib.common.rest_client] Request - Headers: {'Content-Type': 'application/json', 'Accept': 'application/json', 'X-Auth-Token': '<omitted>'}
        Body: None
    Response - Headers: {'date': 'Fri, 12 Sep 2025 14:15:17 GMT', 'server': 'Apache/2.4.58 (Ubuntu)', 'content-length': '1217', 'content-type': 'application/json', 'openstack-api-version': 'compute 2.1', 'x-openstack-nova-api-version': '2.1', 'vary': 'OpenStack-API-Version,X-OpenStack-Nova-API-Version', 'x-openstack-request-id': 'req-bf3f63be-5e20-4824-85fa-9a4a462ff1b2', 'x-compute-request-id': 'req-bf3f63be-5e20-4824-85fa-9a4a462ff1b2', 'connection': 'close', 'status': '200', 'content-location': 'http://9.180.170.14/compute/v2.1/servers/9e544387-5376-4169-8956-2c18ff82b9ea'}
        Body: b'{"server": {"id": "9e544387-5376-4169-8956-2c18ff82b9ea", "name": "tempest-VolumesNegativeTest-instance-1854828899", "status": "BUILD", "tenant_id": "6e509b279cdf4ef1847e574b97c796ff", "user_id": "b520d7d7cd0448838c4b7e68bb2cbf58", "metadata": {}, "hostId": "", "image": {"id": "e0ae62a3-91c6-40f7-8147-acab952b63ac", "links": [{"rel": "bookmark", "href": "http://9.180.170.14/compute/images/e0ae62a3-91c6-40f7-8147-acab952b63ac"}]}, "flavor": {"id": "42", "links": [{"rel": "bookmark", "href": "http://9.180.170.14/compute/flavors/42"}]}, "created": "2025-09-12T14:15:03Z", "updated": "2025-09-12T14:15:18Z", "addresses": {}, "accessIPv4": "", "accessIPv6": "", "links": [{"rel": "self", "href": "http://9.180.170.14/compute/v2.1/servers/9e544387-5376-4169-8956-2c18ff82b9ea"}, {"rel": "bookmark", "href": "http://9.180.170.14/compute/servers/9e544387-5376-4169-8956-2c18ff82b9ea"}], "OS-DCF:diskConfig": "MANUAL", "progress": 0, "OS-EXT-AZ:availability_zone": "", "config_drive": "", "key_name": null, "OS-SRV-USG:launched_at": null, "OS-SRV-USG:terminated_at": null, "OS-EXT-STS:task_state": "scheduling", "OS-EXT-STS:vm_state": "building", "OS-
    EXT-STS:power_state": 0, "os-extended-volumes:volumes_attached": []}}'
2025-09-12 14:15:19,698 3065469 INFO     [tempest.lib.common.rest_client] Request (VolumesNegativeTest:test_attach_volumes_with_nonexistent_volume_id): 200 GET http://9.180.170.14/compute/v2.1/servers/9e544387-5376-4169-8956-2c18ff82b9ea 0.560s
2025-09-12 14:15:19,698 3065469 DEBUG    [tempest.lib.common.rest_client] Request - Headers: {'Content-Type': 'application/json', 'Accept': 'application/json', 'X-Auth-Token': '<omitted>'}
        Body: None
    Response - Headers: {'date': 'Fri, 12 Sep 2025 14:15:19 GMT', 'server': 'Apache/2.4.58 (Ubuntu)', 'content-length': '1217', 'content-type': 'application/json', 'openstack-api-version': 'compute 2.1', 'x-openstack-nova-api-version': '2.1', 'vary': 'OpenStack-API-Version,X-OpenStack-Nova-API-Version', 'x-openstack-request-id': 'req-5d44e510-bf27-430f-b02e-600915bf7ab1', 'x-compute-request-id': 'req-5d44e510-bf27-430f-b02e-600915bf7ab1', 'connection': 'close', 'status': '200', 'content-location': 'http://9.180.170.14/compute/v2.1/servers/9e544387-5376-4169-8956-2c18ff82b9ea'}
        Body: b'{"server": {"id": "9e544387-5376-4169-8956-2c18ff82b9ea", "name": "tempest-VolumesNegativeTest-instance-1854828899", "status": "BUILD", "tenant_id": "6e509b279cdf4ef1847e574b97c796ff", "user_id": "b520d7d7cd0448838c4b7e68bb2cbf58", "metadata": {}, "hostId": "", "image": {"id": "e0ae62a3-91c6-40f7-8147-acab952b63ac", "links": [{"rel": "bookmark", "href": "http://9.180.170.14/compute/images/e0ae62a3-91c6-40f7-8147-acab952b63ac"}]}, "flavor": {"id": "42", "links": [{"rel": "bookmark", "href": "http://9.180.170.14/compute/flavors/42"}]}, "created": "2025-09-12T14:15:03Z", "updated": "2025-09-12T14:15:19Z", "addresses": {}, "accessIPv4": "", "accessIPv6": "", "links": [{"rel": "self", "href": "http://9.180.170.14/compute/v2.1/servers/9e544387-5376-4169-8956-2c18ff82b9ea"}, {"rel": "bookmark", "href": "http://9.180.170.14/compute/servers/9e544387-5376-4169-8956-2c18ff82b9ea"}], "OS-DCF:diskConfig": "MANUAL", "progress": 0, "OS-EXT-AZ:availability_zone": "", "config_drive": "", "key_name": null, "OS-SRV-USG:launched_at": null, "OS-SRV-USG:terminated_at": null, "OS-EXT-STS:task_state": "scheduling", "OS-EXT-STS:vm_state": "building", "OS-EXT-STS:power_state": 0, "os-extended-volumes:volumes_attached": []}}'
2025-09-12 14:15:20,934 3065469 INFO     [tempest.lib.common.rest_client] Request (VolumesNegativeTest:test_attach_volumes_with_nonexistent_volume_id): 200 GET http://9.180.170.14/compute/v2.1/servers/9e544387-5376-4169-8956-2c18ff82b9ea 0.219s
2025-09-12 14:15:20,934 3065469 DEBUG    [tempest.lib.common.rest_client] Request - Headers: {'Content-Type': 'application/json', 'Accept': 'application/json', 'X-Auth-Token': '<omitted>'}
        Body: None
    Response - Headers: {'date': 'Fri, 12 Sep 2025 14:15:20 GMT', 'server': 'Apache/2.4.58 (Ubuntu)', 'content-length': '1217', 'content-type': 'application/json', 'openstack-api-version': 'compute 2.1', 'x-openstack-nova-api-version': '2.1', 'vary': 'OpenStack-API-Version,X-OpenStack-Nova-API-Version', 'x-openstack-request-id': 'req-c0e80f73-c3ce-424a-add0-b89f5e48adfc', 'x-compute-request-id': 'req-c0e80f73-c3ce-424a-add0-b89f5e48adfc', 'connection': 'close', 'status': '200', 'content-location': 'http://9.180.170.14/compute/v2.1/servers/9e544387-5376-4169-8956-2c18ff82b9ea'}
        Body: b'{"server": {"id": "9e544387-5376-4169-8956-2c18ff82b9ea", "name": "tempest-VolumesNegativeTest-instance-1854828899", "status": "BUILD", "tenant_id": "6e509b279cdf4ef1847e574b97c796ff", "user_id": "b520d7d7cd0448838c4b7e68bb2cbf58", "metadata": {}, "hostId": "", "image": {"id": "e0ae62a3-91c6-40f7-8147-acab952b63ac", "links": [{"rel": "bookmark", "href": "http://9.180.170.14/compute/images/e0ae62a3-91c6-40f7-8147-acab952b63ac"}]}, "flavor": {"id": "42", "links": [{"rel": "bookmark", "href": "http://9.180.170.14/compute/flavors/42"}]}, "created": "2025-09-12T14:15:03Z", "updated": "2025-09-12T14:15:20Z", "addresses": {}, "accessIPv4": "", "accessIPv6": "", "links": [{"rel": "self", "href": "ht
    tp://9.180.170.14/compute/v2.1/servers/9e544387-5376-4169-8956-2c18ff82b9ea"}, {"rel": "bookmark", "href": "http://9.180.170.14/compute/servers/9e544387-5376-4169-8956-2c18ff82b9ea"}], "OS-DCF:diskConfig": "MANUAL", "progress": 0, "OS-EXT-AZ:availability_zone": "", "config_drive": "", "key_name": null, "OS-SRV-USG:launched_at": null, "OS-SRV-USG:terminated_at": null, "OS-EXT-STS:task_state": "scheduling", "OS-EXT-STS:vm_state": "building", "OS-EXT-STS:power_state": 0, "os-extended-volumes:volumes_attached": []}}'
2025-09-12 14:15:23,226 3065469 INFO     [tempest.lib.common.rest_client] Request (VolumesNegativeTest:test_attach_volumes_with_nonexistent_volume_id): 200 GET http://9.180.170.14/compute/v2.1/servers/9e544387-5376-4169-8956-2c18ff82b9ea 1.267s
2025-09-12 14:15:23,227 3065469 DEBUG    [tempest.lib.common.rest_client] Request - Headers: {'Content-Type': 'application/json', 'Accept': 'application/json', 'X-Auth-Token': '<omitted>'}
        Body: None
    Response - Headers: {'date': 'Fri, 12 Sep 2025 14:15:21 GMT', 'server': 'Apache/2.4.58 (Ubuntu)', 'content-length': '1217', 'content-type': 'application/json', 'openstack-api-version': 'compute 2.1', 'x-openstack-nova-api-version': '2.1', 'vary': 'OpenStack-API-Version,X-OpenStack-Nova-API-Version', 'x-openstack-request-id': 'req-766c2a53-16b2-466e-9d12-b65ecc830f50', 'x-compute-request-id': 'req-766c2a53-16b2-466e-9d12-b65ecc830f50', 'connection': 'close', 'status': '200', 'content-location': 'http://9.180.170.14/compute/v2.1/servers/9e544387-5376-4169-8956-2c18ff82b9ea'}
        Body: b'{"server": {"id": "9e544387-5376-4169-8956-2c18ff82b9ea", "name": "tempest-VolumesNegativeTest-instance-1854828899", "status": "BUILD", "tenant_id": "6e509b279cdf4ef1847e574b97c796ff", "user_id": "b520d7d7cd0448838c4b7e68bb2cbf58", "metadata": {}, "hostId": "", "image": {"id": "e0ae62a3-91c6-40f7-8147-acab952b63ac", "links": [{"rel": "bookmark", "href": "http://9.180.170.14/compute/images/e0ae62a3-91c6-40f7-8147-acab952b63ac"}]}, "flavor": {"id": "42", "links": [{"rel": "bookmark", "href": "http://9.180.170.14/compute/flavors/42"}]}, "created": "2025-09-12T14:15:03Z", "updated": "2025-09-12T14:15:22Z", "addresses": {}, "accessIPv4": "", "accessIPv6": "", "links": [{"rel": "self", "href": "http://9.180.170.14/compute/v2.1/servers/9e544387-5376-4169-8956-2c18ff82b9ea"}, {"rel": "bookmark", "href": "http://9.180.170.14/compute/servers/9e544387-5376-4169-8956-2c18ff82b9ea"}], "OS-DCF:diskConfig": "MANUAL", "progress": 0, "OS-EXT-AZ:availability_zone": "", "config_drive": "", "key_name": null, "OS-SRV-USG:launched_at": null, "OS-SRV-USG:terminated_at": null, "OS-EXT-STS:task_state": "scheduling", "OS-EXT-STS:vm_state": "building", "OS-EXT-STS:power_state": 0, "os-extended-volumes:volumes_attached": []}}'
2025-09-12 14:15:24,458 3065469 INFO     [tempest.lib.common.rest_client] Request (VolumesNegativeTest:test_attach_volumes_with_nonexistent_volume_id): 200 GET http://9.180.170.14/compute/v2.1/servers/9e544387-5376-4169-8956-2c18ff82b9ea 0.212s
2025-09-12 14:15:24,531 3065469 DEBUG    [tempest.lib.common.rest_client] Request - Headers: {'Content-Type': 'application/json', 'Accept': 'application/json', 'X-Auth-Token': '<omitted>'}
        Body: None
    Response - Headers: {'date': 'Fri, 12 Sep 2025 14:15:24 GMT', 'server': 'Apache/2.4.58 (Ubuntu)', 'content-length': '1217', 'content-type': 'application/json', 'openstack-api-version': 'compute 2.1', 'x-openstack-nova-api-version': '2.1', 'vary': 'OpenStack-API-Version,X-OpenStack-Nova-API-Version', 'x-openstack-request-id': 'req-de6f3cf0-1ab1-4460-a472-a6fb87f0ba7d', 'x-compute-request-id': 'req-de6f3cf0-1ab1-4460-a472-a6fb87f0ba7d', 'connection': 'close', 'status': '200', 'content-location': 'http://9.180.170.14/compute/v2.1/servers/9e544387-5376-4169-8956-2c18ff82b9ea'}
        Body: b'{"server": {"id": "9e544387-5376-4169-8956-2c18ff82b9ea", "name": "tempest-VolumesNegativeTest-instance-1854828899", "status": "BUILD", "tenant_id": "6e509b279cdf4ef1847e574b97c796ff", "user_id": "b520d7d7cd0448838c4b7e68bb2cbf58", "metadata": {}, "hos
    tId": "", "image": {"id": "e0ae62a3-91c6-40f7-8147-acab952b63ac", "links": [{"rel": "bookmark", "href": "http://9.180.170.14/compute/images/e0ae62a3-91c6-40f7-8147-acab952b63ac"}]}, "flavor": {"id": "42", "links": [{"rel": "bookmark", "href": "http://9.180.170.14/compute/flavors/42"}]}, "created": "2025-09-12T14:15:03Z", "updated": "2025-09-12T14:15:24Z", "addresses": {}, "accessIPv4": "", "accessIPv6": "", "links": [{"rel": "self", "href": "http://9.180.170.14/compute/v2.1/servers/9e544387-5376-4169-8956-2c18ff82b9ea"}, {"rel": "bookmark", "href": "http://9.180.170.14/compute/servers/9e544387-5376-4169-8956-2c18ff82b9ea"}], "OS-DCF:diskConfig": "MANUAL", "progress": 0, "OS-EXT-AZ:availability_zone": "", "config_drive": "", "key_name": null, "OS-SRV-USG:launched_at": null, "OS-SRV-USG:terminated_at": null, "OS-EXT-STS:task_state": "scheduling", "OS-EXT-STS:vm_state": "building", "OS-EXT-STS:power_state": 0, "os-extended-volumes:volumes_attached": []}}'
2025-09-12 14:15:25,766 3065469 INFO     [tempest.lib.common.rest_client] Request (VolumesNegativeTest:test_attach_volumes_with_nonexistent_volume_id): 200 GET http://9.180.170.14/compute/v2.1/servers/9e544387-5376-4169-8956-2c18ff82b9ea 0.218s
2025-09-12 14:15:25,781 3065469 DEBUG    [tempest.lib.common.rest_client] Request - Headers: {'Content-Type': 'application/json', 'Accept': 'application/json', 'X-Auth-Token': '<omitted>'}
        Body: None
    Response - Headers: {'date': 'Fri, 12 Sep 2025 14:15:25 GMT', 'server': 'Apache/2.4.58 (Ubuntu)', 'content-length': '1217', 'content-type': 'application/json', 'openstack-api-version': 'compute 2.1', 'x-openstack-nova-api-version': '2.1', 'vary': 'OpenStack-API-Version,X-OpenStack-Nova-API-Version', 'x-openstack-request-id': 'req-86693f7b-c513-4275-9858-c487174c50fe', 'x-compute-request-id': 'req-86693f7b-c513-4275-9858-c487174c50fe', 'connection': 'close', 'status': '200', 'content-location': 'http://9.180.170.14/compute/v2.1/servers/9e544387-5376-4169-8956-2c18ff82b9ea'}
        Body: b'{"server": {"id": "9e544387-5376-4169-8956-2c18ff82b9ea", "name": "tempest-VolumesNegativeTest-instance-1854828899", "status": "BUILD", "tenant_id": "6e509b279cdf4ef1847e574b97c796ff", "user_id": "b520d7d7cd0448838c4b7e68bb2cbf58", "metadata": {}, "hostId": "", "image": {"id": "e0ae62a3-91c6-40f7-8147-acab952b63ac", "links": [{"rel": "bookmark", "href": "http://9.180.170.14/compute/images/e0ae62a3-91c6-40f7-8147-acab952b63ac"}]}, "flavor": {"id": "42", "links": [{"rel": "bookmark", "href": "http://9.180.170.14/compute/flavors/42"}]}, "created": "2025-09-12T14:15:03Z", "updated": "2025-09-12T14:15:25Z", "addresses": {}, "accessIPv4": "", "accessIPv6": "", "links": [{"rel": "self", "href": "http://9.180.170.14/compute/v2.1/servers/9e544387-5376-4169-8956-2c18ff82b9ea"}, {"rel": "bookmark", "href": "http://9.180.170.14/compute/servers/9e544387-5376-4169-8956-2c18ff82b9ea"}], "OS-DCF:diskConfig": "MANUAL", "progress": 0, "OS-EXT-AZ:availability_zone": "", "config_drive": "", "key_name": null, "OS-SRV-USG:launched_at": null, "OS-SRV-USG:terminated_at": null, "OS-EXT-STS:task_state": "scheduling", "OS-EXT-STS:vm_state": "building", "OS-EXT-STS:power_state": 0, "os-extended-volumes:volumes_attached": []}}'
2025-09-12 14:15:27,021 3065469 INFO     [tempest.lib.common.rest_client] Request (VolumesNegativeTest:test_attach_volumes_with_nonexistent_volume_id): 200 GET http://9.180.170.14/compute/v2.1/servers/9e544387-5376-4169-8956-2c18ff82b9ea 0.222s
2025-09-12 14:15:27,022 3065469 DEBUG    [tempest.lib.common.rest_client] Request - Headers: {'Content-Type': 'application/json', 'Accept': 'application/json', 'X-Auth-Token': '<omitted>'}
        Body: None
    Response - Headers: {'date': 'Fri, 12 Sep 2025 14:15:26 GMT', 'server': 'Apache/2.4.58 (Ubuntu)', 'content-length': '1217', 'content-type': 'application/json', 'openstack-api-version': 'compute 2.1', 'x-openstack-nova-api-version': '2.1', 'vary': 'OpenStack-API-Version,X-OpenStack-Nova-API-Version', 'x-openstack-request-id': 'req-38601f26-e0dc-4933-ac48-6db1d15f4680', 'x-compute-request-id': 'req-
    38601f26-e0dc-4933-ac48-6db1d15f4680', 'connection': 'close', 'status': '200', 'content-location': 'http://9.180.170.14/compute/v2.1/servers/9e544387-5376-4169-8956-2c18ff82b9ea'}
        Body: b'{"server": {"id": "9e544387-5376-4169-8956-2c18ff82b9ea", "name": "tempest-VolumesNegativeTest-instance-1854828899", "status": "BUILD", "tenant_id": "6e509b279cdf4ef1847e574b97c796ff", "user_id": "b520d7d7cd0448838c4b7e68bb2cbf58", "metadata": {}, "hostId": "", "image": {"id": "e0ae62a3-91c6-40f7-8147-acab952b63ac", "links": [{"rel": "bookmark", "href": "http://9.180.170.14/compute/images/e0ae62a3-91c6-40f7-8147-acab952b63ac"}]}, "flavor": {"id": "42", "links": [{"rel": "bookmark", "href": "http://9.180.170.14/compute/flavors/42"}]}, "created": "2025-09-12T14:15:03Z", "updated": "2025-09-12T14:15:26Z", "addresses": {}, "accessIPv4": "", "accessIPv6": "", "links": [{"rel": "self", "href": "http://9.180.170.14/compute/v2.1/servers/9e544387-5376-4169-8956-2c18ff82b9ea"}, {"rel": "bookmark", "href": "http://9.180.170.14/compute/servers/9e544387-5376-4169-8956-2c18ff82b9ea"}], "OS-DCF:diskConfig": "MANUAL", "progress": 0, "OS-EXT-AZ:availability_zone": "", "config_drive": "", "key_name": null, "OS-SRV-USG:launched_at": null, "OS-SRV-USG:terminated_at": null, "OS-EXT-STS:task_state": "scheduling", "OS-EXT-STS:vm_state": "building", "OS-EXT-STS:power_state": 0, "os-extended-volumes:volumes_attached": []}}'
2025-09-12 14:15:28,530 3065469 INFO     [tempest.lib.common.rest_client] Request (VolumesNegativeTest:test_attach_volumes_with_nonexistent_volume_id): 200 GET http://9.180.170.14/compute/v2.1/servers/9e544387-5376-4169-8956-2c18ff82b9ea 0.498s
2025-09-12 14:15:28,565 3065469 DEBUG    [tempest.lib.common.rest_client] Request - Headers: {'Content-Type': 'application/json', 'Accept': 'application/json', 'X-Auth-Token': '<omitted>'}
        Body: None
    Response - Headers: {'date': 'Fri, 12 Sep 2025 14:15:28 GMT', 'server': 'Apache/2.4.58 (Ubuntu)', 'content-length': '1217', 'content-type': 'application/json', 'openstack-api-version': 'compute 2.1', 'x-openstack-nova-api-version': '2.1', 'vary': 'OpenStack-API-Version,X-OpenStack-Nova-API-Version', 'x-openstack-request-id': 'req-c3aba258-de3a-4044-8ae3-4a6e101e683b', 'x-compute-request-id': 'req-c3aba258-de3a-4044-8ae3-4a6e101e683b', 'connection': 'close', 'status': '200', 'content-location': 'http://9.180.170.14/compute/v2.1/servers/9e544387-5376-4169-8956-2c18ff82b9ea'}
        Body: b'{"server": {"id": "9e544387-5376-4169-8956-2c18ff82b9ea", "name": "tempest-VolumesNegativeTest-instance-1854828899", "status": "BUILD", "tenant_id": "6e509b279cdf4ef1847e574b97c796ff", "user_id": "b520d7d7cd0448838c4b7e68bb2cbf58", "metadata": {}, "hostId": "", "image": {"id": "e0ae62a3-91c6-40f7-8147-acab952b63ac", "links": [{"rel": "bookmark", "href": "http://9.180.170.14/compute/images/e0ae62a3-91c6-40f7-8147-acab952b63ac"}]}, "flavor": {"id": "42", "links": [{"rel": "bookmark", "href": "http://9.180.170.14/compute/flavors/42"}]}, "created": "2025-09-12T14:15:03Z", "updated": "2025-09-12T14:15:28Z", "addresses": {}, "accessIPv4": "", "accessIPv6": "", "links": [{"rel": "self", "href": "http://9.180.170.14/compute/v2.1/servers/9e544387-5376-4169-8956-2c18ff82b9ea"}, {"rel": "bookmark", "href": "http://9.180.170.14/compute/servers/9e544387-5376-4169-8956-2c18ff82b9ea"}], "OS-DCF:diskConfig": "MANUAL", "progress": 0, "OS-EXT-AZ:availability_zone": "", "config_drive": "", "key_name": null, "OS-SRV-USG:launched_at": null, "OS-SRV-USG:terminated_at": null, "OS-EXT-STS:task_state": "scheduling", "OS-EXT-STS:vm_state": "building", "OS-EXT-STS:power_state": 0, "os-extended-volumes:volumes_attached": []}}'
2025-09-12 14:15:30,523 3065469 INFO     [tempest.lib.common.rest_client] Request (VolumesNegativeTest:test_attach_volumes_with_nonexistent_volume_id): 200 GET http://9.180.170.14/compute/v2.1/servers/9e544387-5376-4169-8956-2c18ff82b9ea 0.941s
2025-09-12 14:15:30,524 3065469 DEBUG    [tempest.lib.common.rest_client] Request - Headers: {'Content-Type': 'application/json', 'Accept': 'application/json', 'X-A
    uth-Token': '<omitted>'}
        Body: None
    Response - Headers: {'date': 'Fri, 12 Sep 2025 14:15:29 GMT', 'server': 'Apache/2.4.58 (Ubuntu)', 'content-length': '1217', 'content-type': 'application/json', 'openstack-api-version': 'compute 2.1', 'x-openstack-nova-api-version': '2.1', 'vary': 'OpenStack-API-Version,X-OpenStack-Nova-API-Version', 'x-openstack-request-id': 'req-68ac41c3-a5d8-48e7-a7b6-e05e8602ac53', 'x-compute-request-id': 'req-68ac41c3-a5d8-48e7-a7b6-e05e8602ac53', 'connection': 'close', 'status': '200', 'content-location': 'http://9.180.170.14/compute/v2.1/servers/9e544387-5376-4169-8956-2c18ff82b9ea'}
        Body: b'{"server": {"id": "9e544387-5376-4169-8956-2c18ff82b9ea", "name": "tempest-VolumesNegativeTest-instance-1854828899", "status": "BUILD", "tenant_id": "6e509b279cdf4ef1847e574b97c796ff", "user_id": "b520d7d7cd0448838c4b7e68bb2cbf58", "metadata": {}, "hostId": "", "image": {"id": "e0ae62a3-91c6-40f7-8147-acab952b63ac", "links": [{"rel": "bookmark", "href": "http://9.180.170.14/compute/images/e0ae62a3-91c6-40f7-8147-acab952b63ac"}]}, "flavor": {"id": "42", "links": [{"rel": "bookmark", "href": "http://9.180.170.14/compute/flavors/42"}]}, "created": "2025-09-12T14:15:03Z", "updated": "2025-09-12T14:15:30Z", "addresses": {}, "accessIPv4": "", "accessIPv6": "", "links": [{"rel": "self", "href": "http://9.180.170.14/compute/v2.1/servers/9e544387-5376-4169-8956-2c18ff82b9ea"}, {"rel": "bookmark", "href": "http://9.180.170.14/compute/servers/9e544387-5376-4169-8956-2c18ff82b9ea"}], "OS-DCF:diskConfig": "MANUAL", "progress": 0, "OS-EXT-AZ:availability_zone": "", "config_drive": "", "key_name": null, "OS-SRV-USG:launched_at": null, "OS-SRV-USG:terminated_at": null, "OS-EXT-STS:task_state": "scheduling", "OS-EXT-STS:vm_state": "building", "OS-EXT-STS:power_state": 0, "os-extended-volumes:volumes_attached": []}}'
2025-09-12 14:15:32,154 3065469 INFO     [tempest.lib.common.rest_client] Request (VolumesNegativeTest:test_attach_volumes_with_nonexistent_volume_id): 200 GET http://9.180.170.14/compute/v2.1/servers/9e544387-5376-4169-8956-2c18ff82b9ea 0.608s
2025-09-12 14:15:32,155 3065469 DEBUG    [tempest.lib.common.rest_client] Request - Headers: {'Content-Type': 'application/json', 'Accept': 'application/json', 'X-Auth-Token': '<omitted>'}
        Body: None
    Response - Headers: {'date': 'Fri, 12 Sep 2025 14:15:31 GMT', 'server': 'Apache/2.4.58 (Ubuntu)', 'content-length': '1217', 'content-type': 'application/json', 'openstack-api-version': 'compute 2.1', 'x-openstack-nova-api-version': '2.1', 'vary': 'OpenStack-API-Version,X-OpenStack-Nova-API-Version', 'x-openstack-request-id': 'req-a00713c0-5cd3-45af-bb9d-f0f7fa35f06f', 'x-compute-request-id': 'req-a00713c0-5cd3-45af-bb9d-f0f7fa35f06f', 'connection': 'close', 'status': '200', 'content-location': 'http://9.180.170.14/compute/v2.1/servers/9e544387-5376-4169-8956-2c18ff82b9ea'}
        Body: b'{"server": {"id": "9e544387-5376-4169-8956-2c18ff82b9ea", "name": "tempest-VolumesNegativeTest-instance-1854828899", "status": "BUILD", "tenant_id": "6e509b279cdf4ef1847e574b97c796ff", "user_id": "b520d7d7cd0448838c4b7e68bb2cbf58", "metadata": {}, "hostId": "", "image": {"id": "e0ae62a3-91c6-40f7-8147-acab952b63ac", "links": [{"rel": "bookmark", "href": "http://9.180.170.14/compute/images/e0ae62a3-91c6-40f7-8147-acab952b63ac"}]}, "flavor": {"id": "42", "links": [{"rel": "bookmark", "href": "http://9.180.170.14/compute/flavors/42"}]}, "created": "2025-09-12T14:15:03Z", "updated": "2025-09-12T14:15:32Z", "addresses": {}, "accessIPv4": "", "accessIPv6": "", "links": [{"rel": "self", "href": "http://9.180.170.14/compute/v2.1/servers/9e544387-5376-4169-8956-2c18ff82b9ea"}, {"rel": "bookmark", "href": "http://9.180.170.14/compute/servers/9e544387-5376-4169-8956-2c18ff82b9ea"}], "OS-DCF:diskConfig": "MANUAL", "progress": 0, "OS-EXT-AZ:availability_zone": "", "config_drive": "", "key_name": null, "OS-SRV-USG:launched_at": null, "OS-SRV-USG:terminated_at": null, "OS-EXT-STS:task_state": "scheduling", "OS-EXT-STS:vm_state": "building", "OS-EXT-STS:power_state": 0, "os-ext
    ended-volumes:volumes_attached": []}}'
2025-09-12 14:15:34,016 3065469 INFO     [tempest.lib.common.rest_client] Request (VolumesNegativeTest:test_attach_volumes_with_nonexistent_volume_id): 200 GET http://9.180.170.14/compute/v2.1/servers/9e544387-5376-4169-8956-2c18ff82b9ea 0.845s
2025-09-12 14:15:34,017 3065469 DEBUG    [tempest.lib.common.rest_client] Request - Headers: {'Content-Type': 'application/json', 'Accept': 'application/json', 'X-Auth-Token': '<omitted>'}
        Body: None
    Response - Headers: {'date': 'Fri, 12 Sep 2025 14:15:33 GMT', 'server': 'Apache/2.4.58 (Ubuntu)', 'content-length': '1191', 'content-type': 'application/json', 'openstack-api-version': 'compute 2.1', 'x-openstack-nova-api-version': '2.1', 'vary': 'OpenStack-API-Version,X-OpenStack-Nova-API-Version', 'x-openstack-request-id': 'req-30f551eb-8b19-42dc-b0b7-7c59f611e0fb', 'x-compute-request-id': 'req-30f551eb-8b19-42dc-b0b7-7c59f611e0fb', 'connection': 'close', 'status': '200', 'content-location': 'http://9.180.170.14/compute/v2.1/servers/9e544387-5376-4169-8956-2c18ff82b9ea'}
        Body: b'{"server": {"id": "9e544387-5376-4169-8956-2c18ff82b9ea", "name": "tempest-VolumesNegativeTest-instance-1854828899", "status": "ERROR", "tenant_id": "6e509b279cdf4ef1847e574b97c796ff", "user_id": "b520d7d7cd0448838c4b7e68bb2cbf58", "metadata": {}, "hostId": "", "image": {"id": "e0ae62a3-91c6-40f7-8147-acab952b63ac", "links": [{"rel": "bookmark", "href": "http://9.180.170.14/compute/images/e0ae62a3-91c6-40f7-8147-acab952b63ac"}]}, "flavor": {"id": "42", "links": [{"rel": "bookmark", "href": "http://9.180.170.14/compute/flavors/42"}]}, "created": "2025-09-12T14:15:03Z", "updated": "2025-09-12T14:15:32Z", "addresses": {}, "accessIPv4": "", "accessIPv6": "", "links": [{"rel": "self", "href": "http://9.180.170.14/compute/v2.1/servers/9e544387-5376-4169-8956-2c18ff82b9ea"}, {"rel": "bookmark", "href": "http://9.180.170.14/compute/servers/9e544387-5376-4169-8956-2c18ff82b9ea"}], "OS-DCF:diskConfig": "MANUAL", "OS-EXT-AZ:availability_zone": "", "config_drive": "", "key_name": null, "OS-SRV-USG:launched_at": null, "OS-SRV-USG:terminated_at": null, "OS-EXT-STS:task_state": null, "OS-EXT-STS:vm_state": "error", "OS-EXT-STS:power_state": 0, "os-extended-volumes:volumes_attached": []}}'
2025-09-12 14:15:34,032 3065469 INFO     [tempest.common.waiters] State transition "BUILD/scheduling" ==> "ERROR/None" after 22 second wait
2025-09-12 14:15:43,763 3065469 INFO     [tempest.lib.common.rest_client] Request (VolumesNegativeTest:test_attach_volumes_with_nonexistent_volume_id): 204 DELETE http://9.180.170.14/compute/v2.1/servers/9e544387-5376-4169-8956-2c18ff82b9ea 9.730s
2025-09-12 14:15:43,764 3065469 DEBUG    [tempest.lib.common.rest_client] Request - Headers: {'Content-Type': 'application/json', 'Accept': 'application/json', 'X-Auth-Token': '<omitted>'}
        Body: None
    Response - Headers: {'date': 'Fri, 12 Sep 2025 14:15:34 GMT', 'server': 'Apache/2.4.58 (Ubuntu)', 'content-type': 'application/json', 'openstack-api-version': 'compute 2.1', 'x-openstack-nova-api-version': '2.1', 'vary': 'OpenStack-API-Version,X-OpenStack-Nova-API-Version', 'x-openstack-request-id': 'req-3030b455-5eb9-40f5-b6d7-a0b15dd880d9', 'x-compute-request-id': 'req-3030b455-5eb9-40f5-b6d7-a0b15dd880d9', 'connection': 'close', 'status': '204', 'content-location': 'http://9.180.170.14/compute/v2.1/servers/9e544387-5376-4169-8956-2c18ff82b9ea'}
        Body: b''
2025-09-12 14:15:43,810 3065469 INFO     [tempest.lib.common.rest_client] Request (VolumesNegativeTest:test_attach_volumes_with_nonexistent_volume_id): 404 GET http://9.180.170.14/compute/v2.1/servers/9e544387-5376-4169-8956-2c18ff82b9ea 0.045s
2025-09-12 14:15:43,830 3065469 DEBUG    [tempest.lib.common.rest_client] Request - Headers: {'Content-Type': 'application/json', 'Accept': 'application/json', 'X-Auth-Token': '<omitted>'}
        Body: None
    Response - Headers: {'date': 'Fri, 12 Sep 2025 14:15:43 GMT', 'server': 'Apache/2.4.58 (Ubuntu)', 'openstack-api-version': 'compute 2.1', 'x-openstack-nova-api-version': '2.1', 'vary
    ': 'OpenStack-API-Version,X-OpenStack-Nova-API-Version', 'content-type': 'application/json; charset=UTF-8', 'content-length': '111', 'x-openstack-request-id': 'req-f1629d89-a4d9-4513-bbb2-e90f74102d9b', 'x-compute-request-id': 'req-f1629d89-a4d9-4513-bbb2-e90f74102d9b', 'connection': 'close', 'status': '404', 'content-location': 'http://9.180.170.14/compute/v2.1/servers/9e544387-5376-4169-8956-2c18ff82b9ea'}
        Body: b'{"itemNotFound": {"code": 404, "message": "Instance 9e544387-5376-4169-8956-2c18ff82b9ea could not be found."}}'

{9} tempest.api.volume.admin.test_user_messages.UserMessagesTest.test_list_show_messages [29.711677s] ... ok
{13} tempest.api.volume.admin.test_qos.QosSpecsTestJSON.test_create_delete_qos_with_back_end_consumer [15.161046s] ... ok
{10} tempest.api.volume.admin.test_volume_type_access.VolumeTypesAccessTest.test_volume_type_access_add [124.913995s] ... ok
{7} tempest.api.volume.admin.test_volume_types.VolumeTypesTest.test_volume_type_update [67.615665s] ... ok
{13} tempest.api.volume.admin.test_qos.QosSpecsTestJSON.test_create_delete_qos_with_both_consumer [3.654407s] ... ok
{10} tempest.api.volume.admin.test_volume_type_access.VolumeTypesAccessTest.test_volume_type_access_list [4.664158s] ... ok
{14} tempest.api.volume.test_volumes_negative.VolumesNegativeTest.test_create_volume_from_deactivated_image [10.428129s] ... ok
{13} tempest.api.volume.admin.test_qos.QosSpecsTestJSON.test_create_delete_qos_with_front_end_consumer [1.866835s] ... ok
{13} tempest.api.volume.admin.test_qos.QosSpecsTestJSON.test_get_qos [0.031205s] ... ok
{13} tempest.api.volume.admin.test_qos.QosSpecsTestJSON.test_list_qos [0.052411s] ... ok
{35} tempest.api.volume.admin.test_volume_snapshot_quotas_negative.VolumeSnapshotQuotasNegativeTestJSON.test_quota_volume_gigabytes_snapshots [4.876686s] ... ok
{13} tempest.api.volume.admin.test_qos.QosSpecsTestJSON.test_set_unset_qos_key [0.585164s] ... ok
{35} tempest.api.volume.admin.test_volume_snapshot_quotas_negative.VolumeSnapshotQuotasNegativeTestJSON.test_quota_volume_snapshots [0.845358s] ... ok
{14} tempest.api.volume.test_volumes_negative.VolumesNegativeTest.test_create_volume_from_image_with_decreasing_size [7.417359s] ... ok
{14} tempest.api.volume.test_volumes_negative.VolumesNegativeTest.test_create_volume_with_invalid_size [0.018714s] ... ok
{14} tempest.api.volume.test_volumes_negative.VolumesNegativeTest.test_create_volume_with_nonexistent_snapshot_id [0.080339s] ... ok
{14} tempest.api.volume.test_volumes_negative.VolumesNegativeTest.test_create_volume_with_nonexistent_source_volid [0.030306s] ... ok
{14} tempest.api.volume.test_volumes_negative.VolumesNegativeTest.test_create_volume_with_nonexistent_volume_type [0.128023s] ... ok
{14} tempest.api.volume.test_volumes_negative.VolumesNegativeTest.test_create_volume_with_size_negative [0.016591s] ... ok
{14} tempest.api.volume.test_volumes_negative.VolumesNegativeTest.test_create_volume_with_size_zero [0.016838s] ... ok
{14} tempest.api.volume.test_volumes_negative.VolumesNegativeTest.test_create_volume_without_passing_size [0.021438s] ... ok
{14} tempest.api.volume.test_volumes_negative.VolumesNegativeTest.test_delete_invalid_volume_id [0.035948s] ... ok
{14} tempest.api.volume.test_volumes_negative.VolumesNegativeTest.test_delete_volume_without_passing_volume_id [0.011761s] ... ok
{14} tempest.api.volume.test_volumes_negative.VolumesNegativeTest.test_detach_volumes_with_invalid_volume_id [0.043154s] ... ok
{14} tempest.api.volume.test_volumes_negative.VolumesNegativeTest.test_get_invalid_volume_id [0.032402s] ... ok
{14} tempest.api.volume.test_volumes_negative.VolumesNegativeTest.test_get_volume_without_passing_volume_id [0.008505s] ... ok
{6} tempest.api.volume.test_volume_transfers.VolumesTransfersV357Test.test_create_get_list_accept_volume_transfer [141.335664s] ... ok
{14} tempest.api.volume.test_volumes_negative.VolumesNegativeTest.test_list_volumes_detail_with_invalid_status [0.214823s] ... ok
{14} tempest.api.volume.test_volumes_negative.VolumesNegativeTest.test_list_volumes_detail_with_nonexistent_name [0.140084s] ... ok
{36} tempest.api.volume.test_volumes_list.VolumesListTestJSON.test_volume_list [0.219859s] ... ok
{14} tempest.api.volume.test_volumes_negative.VolumesNegativeTest.test_list_volumes_with_invalid_status [0.033844s] ... ok
{14} tempest.api.volume.test_volumes_negative.VolumesNegativeTest.test_list_volumes_with_nonexistent_name [0.062883s] ... ok
{36} tempest.api.volume.test_volumes_list.VolumesListTestJSON.test_volume_list_by_name [0.076356s] ... ok
{36} tempest.api.volume.test_volumes_list.VolumesListTestJSON.test_volume_list_details_by_name [0.178926s] ... ok
{14} tempest.api.volume.test_volumes_negative.VolumesNegativeTest.test_reserve_volume_with_negative_volume_status [0.640337s] ... ok
{14} tempest.api.volume.test_volumes_negative.VolumesNegativeTest.test_reserve_volume_with_nonexistent_volume_id [0.076954s] ... ok
{14} tempest.api.volume.test_volumes_negative.VolumesNegativeTest.test_unreserve_volume_with_nonexistent_volume_id [0.114642s] ... ok
{14} tempest.api.volume.test_volumes_negative.VolumesNegativeTest.test_update_volume_with_empty_volume_id [0.010468s] ... ok
{14} tempest.api.volume.test_volumes_negative.VolumesNegativeTest.test_update_volume_with_invalid_volume_id [0.073337s] ... ok
{36} tempest.api.volume.test_volumes_list.VolumesListTestJSON.test_volume_list_details_pagination [0.753600s] ... ok
{14} tempest.api.volume.test_volumes_negative.VolumesNegativeTest.test_update_volume_with_nonexistent_volume_id [0.158683s] ... ok
{14} tempest.api.volume.test_volumes_negative.VolumesNegativeTest.test_volume_delete_nonexistent_volume_id [0.218677s] ... ok
{14} tempest.api.volume.test_volumes_negative.VolumesNegativeTest.test_volume_get_nonexistent_volume_id [0.108845s] ... ok
{36} tempest.api.volume.test_volumes_list.VolumesListTestJSON.test_volume_list_details_with_multiple_params [0.579831s] ... ok
{36} tempest.api.volume.test_volumes_list.VolumesListTestJSON.test_volume_list_pagination [0.251083s] ... ok
{5} tempest.api.volume.test_volume_transfers.VolumesTransfersTest.test_create_get_list_accept_volume_transfer [138.432737s] ... ok
{36} tempest.api.volume.test_volumes_list.VolumesListTestJSON.test_volume_list_param_display_name_and_status [0.053312s] ... ok
{36} tempest.api.volume.test_volumes_list.VolumesListTestJSON.test_volume_list_with_detail_param_display_name_and_status [0.326611s] ... ok
{36} tempest.api.volume.test_volumes_list.VolumesListTestJSON.test_volume_list_with_detail_param_marker [0.131711s] ... ok
{36} tempest.api.volume.test_volumes_list.VolumesListTestJSON.test_volume_list_with_detail_param_metadata [0.101939s] ... ok
{36} tempest.api.volume.test_volumes_list.VolumesListTestJSON.test_volume_list_with_details [0.162657s] ... ok
{36} tempest.api.volume.test_volumes_list.VolumesListTestJSON.test_volume_list_with_param_metadata [0.095398s] ... ok
{36} tempest.api.volume.test_volumes_list.VolumesListTestJSON.test_volumes_list_by_availability_zone [0.152127s] ... ok
{36} tempest.api.volume.test_volumes_list.VolumesListTestJSON.test_volumes_list_by_bootable [0.165407s] ... ok
{36} tempest.api.volume.test_volumes_list.VolumesListTestJSON.test_volumes_list_by_status [0.150990s] ... ok
{36} tempest.api.volume.test_volumes_list.VolumesListTestJSON.test_volumes_list_details_by_availability_zone [0.109938s] ... ok
{36} tempest.api.volume.test_volumes_list.VolumesListTestJSON.test_volumes_list_details_by_bootable [0.207308s] ... ok
{36} tempest.api.volume.test_volumes_list.VolumesListTestJSON.test_volumes_list_details_by_status [0.055365s] ... ok
{4} tempest.api.volume.test_volume_transfers.VolumesTransfersV355Test.test_create_get_list_accept_volume_transfer [144.369976s] ... ok
{0} tempest.api.volume.test_volumes_get.VolumesGetTest.test_volume_create_get_update_delete [182.037057s] ... ok
{3} tempest.api.volume.admin.test_volume_quotas.VolumeQuotasAdminTestJSON.test_quota_usage [45.166650s] ... ok
{39} tempest.api.volume.test_volumes_snapshots_list.VolumesSnapshotListTestJSON.test_snapshot_list_param_limit [0.616471s] ... ok
{39} tempest.api.volume.test_volumes_snapshots_list.VolumesSnapshotListTestJSON.test_snapshot_list_param_limit_equals_infinite [0.258825s] ... ok
{39} tempest.api.volume.test_volumes_snapshots_list.VolumesSnapshotListTestJSON.test_snapshot_list_param_limit_equals_zero [0.039467s] ... ok
{39} tempest.api.volume.test_volumes_snapshots_list.VolumesSnapshotListTestJSON.test_snapshot_list_param_marker [0.098088s] ... ok
{39} tempest.api.volume.test_volumes_snapshots_list.VolumesSnapshotListTestJSON.test_snapshot_list_param_offset [0.092936s] ... ok
{39} tempest.api.volume.test_volumes_snapshots_list.VolumesSnapshotListTestJSON.test_snapshot_list_param_sort_created_at_asc [0.041525s] ... ok
{39} tempest.api.volume.test_volumes_snapshots_list.VolumesSnapshotListTestJSON.test_snapshot_list_param_sort_created_at_desc [0.028130s] ... ok
{39} tempest.api.volume.test_volumes_snapshots_list.VolumesSnapshotListTestJSON.test_snapshot_list_param_sort_id_asc [0.035725s] ... ok
{39} tempest.api.volume.test_volumes_snapshots_list.VolumesSnapshotListTestJSON.test_snapshot_list_param_sort_id_desc [0.039446s] ... ok
{39} tempest.api.volume.test_volumes_snapshots_list.VolumesSnapshotListTestJSON.test_snapshot_list_param_sort_name_asc [0.041448s] ... ok
{39} tempest.api.volume.test_volumes_snapshots_list.VolumesSnapshotListTestJSON.test_snapshot_list_param_sort_name_desc [0.046709s] ... ok
{39} tempest.api.volume.test_volumes_snapshots_list.VolumesSnapshotListTestJSON.test_snapshots_list_details_with_params [0.156394s] ... ok
{39} tempest.api.volume.test_volumes_snapshots_list.VolumesSnapshotListTestJSON.test_snapshots_list_with_params [0.146302s] ... ok
{11} tempest.api.volume.admin.test_snapshots_actions.SnapshotsActionsTest.test_snapshot_force_delete_when_snapshot_is_creating [39.737325s] ... ok
{28} tempest.api.volume.admin.test_volumes_list.VolumesListAdminTestJSON.test_volume_list_param_tenant [21.896073s] ... ok
{6} tempest.api.volume.test_volume_transfers.VolumesTransfersV357Test.test_create_list_delete_volume_transfer [35.958759s] ... ok
{1} tempest.api.volume.test_volumes_clone.VolumesCloneTest.test_create_from_volume [213.990420s] ... ok
{4} tempest.api.volume.test_volume_transfers.VolumesTransfersV355Test.test_create_list_delete_volume_transfer [36.758731s] ... ok
{5} tempest.api.volume.test_volume_transfers.VolumesTransfersTest.test_create_list_delete_volume_transfer [42.884797s] ... ok
{2} tempest.api.volume.test_volume_delete_cascade.VolumesDeleteCascade.test_volume_delete_cascade [227.172774s] ... ok
{11} tempest.api.volume.admin.test_snapshots_actions.SnapshotsActionsTest.test_snapshot_force_delete_when_snapshot_is_deleting [35.602542s] ... ok
{3} tempest.api.volume.admin.test_volume_quotas.VolumeQuotasAdminTestJSON.test_quota_usage_after_volume_transfer [45.164091s] ... ok
{3} tempest.api.volume.admin.test_volume_quotas.VolumeQuotasAdminTestJSON.test_show_quota_usage [0.788229s] ... ok
{4} setUpClass (tempest.api.volume.test_volumes_backup.VolumesBackupsV39Test) ... SKIPPED: Cinder backup feature disabled
{3} tempest.api.volume.admin.test_volume_quotas.VolumeQuotasAdminTestJSON.test_update_all_quota_resources_for_tenant [2.864701s] ... ok
{11} tempest.api.volume.admin.test_snapshots_actions.SnapshotsActionsTest.test_snapshot_force_delete_when_snapshot_is_error [12.064560s] ... ok
{11} tempest.api.volume.admin.test_snapshots_actions.SnapshotsActionsTest.test_snapshot_force_delete_when_snapshot_is_error_deleting [10.548976s] ... ok
{11} tempest.api.volume.admin.test_snapshots_actions.SnapshotsActionsTest.test_update_snapshot_status [0.584799s] ... ok
{0} tempest.api.volume.test_volumes_get.VolumesGetTest.test_volume_create_get_update_delete_as_clone [73.579584s] ... ok

==============================
Failed 5 tests - output below:
==============================

setUpClass (tempest.api.volume.test_volumes_actions.VolumesActionsTest)
-----------------------------------------------------------------------

Captured traceback:
~~~~~~~~~~~~~~~~~~~
    Traceback (most recent call last):

      File "/home/stguser/devstack/python-tempestconf/.venv/lib/python3.12/site-packages/urllib3/connectionpool.py", line 534, in _make_request
    response = conn.getresponse()
               ^^^^^^^^^^^^^^^^^^

      File "/home/stguser/devstack/python-tempestconf/.venv/lib/python3.12/site-packages/urllib3/connection.py", line 565, in getresponse
    httplib_response = super().getresponse()
                       ^^^^^^^^^^^^^^^^^^^^^

      File "/usr/lib/python3.12/http/client.py", line 1428, in getresponse
    response.begin()

      File "/usr/lib/python3.12/http/client.py", line 331, in begin
    version, status, reason = self._read_status()
                              ^^^^^^^^^^^^^^^^^^^

      File "/usr/lib/python3.12/http/client.py", line 292, in _read_status
    line = str(self.fp.readline(_MAXLINE + 1), "iso-8859-1")
               ^^^^^^^^^^^^^^^^^^^^^^^^^^^^^^

      File "/usr/lib/python3.12/socket.py", line 707, in readinto
    return self._sock.recv_into(b)
           ^^^^^^^^^^^^^^^^^^^^^^^

    TimeoutError: timed out

    
The above exception was the direct cause of the following exception:


    Traceback (most recent call last):

      File "/home/stguser/devstack/python-tempestconf/.venv/lib/python3.12/site-packages/tempest/test.py", line 185, in setUpClass
    raise value.with_traceback(trace)

      File "/home/stguser/devstack/python-tempestconf/.venv/lib/python3.12/site-packages/tempest/test.py", line 170, in setUpClass
    cls.setup_credentials()

      File "/home/stguser/devstack/python-tempestconf/.venv/lib/python3.12/site-packages/tempest/api/volume/base.py", line 62, in setup_credentials
    super(BaseVolumeTest, cls).setup_credentials()

      File "/home/stguser/devstack/python-tempestconf/.venv/lib/python3.12/site-packages/tempest/test.py", line 398, in setup_credentials
    manager = cls.get_client_manager(
              ^^^^^^^^^^^^^^^^^^^^^^^

      File "/home/stguser/devstack/python-tempestconf/.venv/lib/python3.12/site-packages/tempest/test.py", line 743, in get_client_manager
    creds = getattr(cred_provider, credentials_method)()
            ^^^^^^^^^^^^^^^^^^^^^^^^^^^^^^^^^^^^^^^^^^^^

      File "/home/stguser/devstack/python-tempestconf/.venv/lib/python3.12/site-packages/tempest/lib/common/dynamic_creds.py", line 473, in get_primary_creds
    return self.get_project_member_creds()
           ^^^^^^^^^^^^^^^^^^^^^^^^^^^^^^^

      File "/home/stguser/devstack/python-tempestconf/.venv/lib/python3.12/site-packages/tempest/lib/common/dynamic_creds.py", line 514, in get_project_member_creds
    return self.get_credentials(['member'], scope='project')
           ^^^^^^^^^^^^^^^^^^^^^^^^^^^^^^^^^^^^^^^^^^^^^^^^^

      File "/home/stguser/devstack/python-tempestconf/.venv/lib/python3.12/site-packages/tempest/lib/common/dynamic_creds.py", line 459, in get_credentials
    network, subnet, router = self._create_network_resources(
                              ^^^^^^^^^^^^^^^^^^^^^^^^^^^^^^^

      File "/home/stguser/devstack/python-tempestconf/.venv/lib/python3.12/site-packages/tempest/lib/common/dynamic_creds.py", line 310, in _create_network_resources
    network = self._create_network(network_name, tenant_id)
              ^^^^^^^^^^^^^^^^^^^^^^^^^^^^^^^^^^^^^^^^^^^^^

      File "/home/stguser/devstack/python-tempestconf/.venv/lib/python3.12/site-packages/tempest/lib/common/dynamic_creds.py", line 338, in _create_network
    resp_body = self.networks_admin_client.create_network(
                ^^^^^^^^^^^^^^^^^^^^^^^^^^^^^^^^^^^^^^^^^^

      File "/home/stguser/devstack/python-tempestconf/.venv/lib/python3.12/site-packages/tempest/lib/services/network/networks_client.py", line 27, in create_network
    return self.create_resource(uri, post_data)
           ^^^^^^^^^^^^^^^^^^^^^^^^^^^^^^^^^^^^

      File "/home/stguser/devstack/python-tempestconf/.venv/lib/python3.12/site-packages/tempest/lib/services/network/base.py", line 62, in create_resource
    resp, body = self.post(req_uri, req_post_data)
                 ^^^^^^^^^^^^^^^^^^^^^^^^^^^^^^^^^

      File "/home/stguser/devstack/python-tempestconf/.venv/lib/python3.12/site-packages/tempest/lib/common/rest_client.py", line 314, in post
    resp_header, resp_body = self.request(
                             ^^^^^^^^^^^^^

      File "/home/stguser/devstack/python-tempestconf/.venv/lib/python3.12/site-packages/tempest/lib/common/rest_client.py", line 746, in request
    resp, resp_body = self._request(method, url, headers=headers,
                      ^^^^^^^^^^^^^^^^^^^^^^^^^^^^^^^^^^^^^^^^^^^

      File "/home/stguser/devstack/python-tempestconf/.venv/lib/python3.12/site-packages/tempest/lib/common/rest_client.py", line 612, in _request
    resp, resp_body = self.raw_request(
                      ^^^^^^^^^^^^^^^^^

      File "/home/stguser/devstack/python-tempestconf/.venv/lib/python3.12/site-packages/tempest/lib/common/rest_client.py", line 661, in raw_request
    resp, resp_body = self.http_obj.request(
                      ^^^^^^^^^^^^^^^^^^^^^^

      File "/home/stguser/devstack/python-tempestconf/.venv/lib/python3.12/site-packages/tempest/lib/common/http.py", line 123, in request
    r = super(ClosingHttp, self).request(method, url, retries=retry,
        ^^^^^^^^^^^^^^^^^^^^^^^^^^^^^^^^^^^^^^^^^^^^^^^^^^^^^^^^^^^^

      File "/home/stguser/devstack/python-tempestconf/.venv/lib/python3.12/site-packages/urllib3/_request_methods.py", line 143, in request
    return self.request_encode_body(
           ^^^^^^^^^^^^^^^^^^^^^^^^^

      File "/home/stguser/devstack/python-tempestconf/.venv/lib/python3.12/site-packages/urllib3/_request_methods.py", line 278, in request_encode_body
    return self.urlopen(method, url, **extra_kw)
           ^^^^^^^^^^^^^^^^^^^^^^^^^^^^^^^^^^^^^

      File "/home/stguser/devstack/python-tempestconf/.venv/lib/python3.12/site-packages/urllib3/poolmanager.py", line 459, in urlopen
    response = conn.urlopen(method, u.request_uri, **kw)
               ^^^^^^^^^^^^^^^^^^^^^^^^^^^^^^^^^^^^^^^^^

      File "/home/stguser/devstack/python-tempestconf/.venv/lib/python3.12/site-packages/urllib3/connectionpool.py", line 841, in urlopen
    retries = retries.increment(
              ^^^^^^^^^^^^^^^^^^

      File "/home/stguser/devstack/python-tempestconf/.venv/lib/python3.12/site-packages/urllib3/util/retry.py", line 474, in increment
    raise reraise(type(error), error, _stacktrace)
          ^^^^^^^^^^^^^^^^^^^^^^^^^^^^^^^^^^^^^^^^

      File "/home/stguser/devstack/python-tempestconf/.venv/lib/python3.12/site-packages/urllib3/util/util.py", line 39, in reraise
    raise value

      File "/home/stguser/devstack/python-tempestconf/.venv/lib/python3.12/site-packages/urllib3/connectionpool.py", line 787, in urlopen
    response = self._make_request(
               ^^^^^^^^^^^^^^^^^^^

      File "/home/stguser/devstack/python-tempestconf/.venv/lib/python3.12/site-packages/urllib3/connectionpool.py", line 536, in _make_request
    self._raise_timeout(err=e, url=url, timeout_value=read_timeout)

      File "/home/stguser/devstack/python-tempestconf/.venv/lib/python3.12/site-packages/urllib3/connectionpool.py", line 367, in _raise_timeout
    raise ReadTimeoutError(

    urllib3.exceptions.ReadTimeoutError: HTTPConnectionPool(host='9.180.170.14', port=9696): Read timed out. (read timeout=60)


setUpClass (tempest.api.volume.admin.test_volumes_actions.VolumesActionsTest)
-----------------------------------------------------------------------------

Captured traceback:
~~~~~~~~~~~~~~~~~~~
    Traceback (most recent call last):

      File "/home/stguser/devstack/python-tempestconf/.venv/lib/python3.12/site-packages/urllib3/connectionpool.py", line 534, in _make_request
    response = conn.getresponse()
               ^^^^^^^^^^^^^^^^^^

      File "/home/stguser/devstack/python-tempestconf/.venv/lib/python3.12/site-packages/urllib3/connection.py", line 565, in getresponse
    httplib_response = super().getresponse()
                       ^^^^^^^^^^^^^^^^^^^^^

      File "/usr/lib/python3.12/http/client.py", line 1428, in getresponse
    response.begin()

      File "/usr/lib/python3.12/http/client.py", line 331, in begin
    version, status, reason = self._read_status()
                              ^^^^^^^^^^^^^^^^^^^

      File "/usr/lib/python3.12/http/client.py", line 292, in _read_status
    line = str(self.fp.readline(_MAXLINE + 1), "iso-8859-1")
               ^^^^^^^^^^^^^^^^^^^^^^^^^^^^^^

      File "/usr/lib/python3.12/socket.py", line 707, in readinto
    return self._sock.recv_into(b)
           ^^^^^^^^^^^^^^^^^^^^^^^

    TimeoutError: timed out

    
The above exception was the direct cause of the following exception:


    Traceback (most recent call last):

      File "/home/stguser/devstack/python-tempestconf/.venv/lib/python3.12/site-packages/tempest/test.py", line 185, in setUpClass
    raise value.with_traceback(trace)

      File "/home/stguser/devstack/python-tempestconf/.venv/lib/python3.12/site-packages/tempest/test.py", line 170, in setUpClass
    cls.setup_credentials()

      File "/home/stguser/devstack/python-tempestconf/.venv/lib/python3.12/site-packages/tempest/api/volume/base.py", line 62, in setup_credentials
    super(BaseVolumeTest, cls).setup_credentials()

      File "/home/stguser/devstack/python-tempestconf/.venv/lib/python3.12/site-packages/tempest/test.py", line 398, in setup_credentials
    manager = cls.get_client_manager(
              ^^^^^^^^^^^^^^^^^^^^^^^

      File "/home/stguser/devstack/python-tempestconf/.venv/lib/python3.12/site-packages/tempest/test.py", line 743, in get_client_manager
    creds = getattr(cred_provider, credentials_method)()
            ^^^^^^^^^^^^^^^^^^^^^^^^^^^^^^^^^^^^^^^^^^^^

      File "/home/stguser/devstack/python-tempestconf/.venv/lib/python3.12/site-packages/tempest/lib/common/dynamic_creds.py", line 473, in get_primary_creds
    return self.get_project_member_creds()
           ^^^^^^^^^^^^^^^^^^^^^^^^^^^^^^^

      File "/home/stguser/devstack/python-tempestconf/.venv/lib/python3.12/site-packages/tempest/lib/common/dynamic_creds.py", line 514, in get_project_member_creds
    return self.get_credentials(['member'], scope='project')
           ^^^^^^^^^^^^^^^^^^^^^^^^^^^^^^^^^^^^^^^^^^^^^^^^^

      File "/home/stguser/devstack/python-tempestconf/.venv/lib/python3.12/site-packages/tempest/lib/common/dynamic_creds.py", line 459, in get_credentials
    network, subnet, router = self._create_network_resources(
                              ^^^^^^^^^^^^^^^^^^^^^^^^^^^^^^^

      File "/home/stguser/devstack/python-tempestconf/.venv/lib/python3.12/site-packages/tempest/lib/common/dynamic_creds.py", line 310, in _create_network_resources
    network = self._create_network(network_name, tenant_id)
              ^^^^^^^^^^^^^^^^^^^^^^^^^^^^^^^^^^^^^^^^^^^^^

      File "/home/stguser/devstack/python-tempestconf/.venv/lib/python3.12/site-packages/tempest/lib/common/dynamic_creds.py", line 338, in _create_network
    resp_body = self.networks_admin_client.create_network(
                ^^^^^^^^^^^^^^^^^^^^^^^^^^^^^^^^^^^^^^^^^^

      File "/home/stguser/devstack/python-tempestconf/.venv/lib/python3.12/site-packages/tempest/lib/services/network/networks_client.py", line 27, in create_network
    return self.create_resource(uri, post_data)
           ^^^^^^^^^^^^^^^^^^^^^^^^^^^^^^^^^^^^

      File "/home/stguser/devstack/python-tempestconf/.venv/lib/python3.12/site-packages/tempest/lib/services/network/base.py", line 62, in create_resource
    resp, body = self.post(req_uri, req_post_data)
                 ^^^^^^^^^^^^^^^^^^^^^^^^^^^^^^^^^

      File "/home/stguser/devstack/python-tempestconf/.venv/lib/python3.12/site-packages/tempest/lib/common/rest_client.py", line 314, in post
    resp_header, resp_body = self.request(
                             ^^^^^^^^^^^^^

      File "/home/stguser/devstack/python-tempestconf/.venv/lib/python3.12/site-packages/tempest/lib/common/rest_client.py", line 746, in request
    resp, resp_body = self._request(method, url, headers=headers,
                      ^^^^^^^^^^^^^^^^^^^^^^^^^^^^^^^^^^^^^^^^^^^

      File "/home/stguser/devstack/python-tempestconf/.venv/lib/python3.12/site-packages/tempest/lib/common/rest_client.py", line 612, in _request
    resp, resp_body = self.raw_request(
                      ^^^^^^^^^^^^^^^^^

      File "/home/stguser/devstack/python-tempestconf/.venv/lib/python3.12/site-packages/tempest/lib/common/rest_client.py", line 661, in raw_request
    resp, resp_body = self.http_obj.request(
                      ^^^^^^^^^^^^^^^^^^^^^^

      File "/home/stguser/devstack/python-tempestconf/.venv/lib/python3.12/site-packages/tempest/lib/common/http.py", line 123, in request
    r = super(ClosingHttp, self).request(method, url, retries=retry,
        ^^^^^^^^^^^^^^^^^^^^^^^^^^^^^^^^^^^^^^^^^^^^^^^^^^^^^^^^^^^^

      File "/home/stguser/devstack/python-tempestconf/.venv/lib/python3.12/site-packages/urllib3/_request_methods.py", line 143, in request
    return self.request_encode_body(
           ^^^^^^^^^^^^^^^^^^^^^^^^^

      File "/home/stguser/devstack/python-tempestconf/.venv/lib/python3.12/site-packages/urllib3/_request_methods.py", line 278, in request_encode_body
    return self.urlopen(method, url, **extra_kw)
           ^^^^^^^^^^^^^^^^^^^^^^^^^^^^^^^^^^^^^

      File "/home/stguser/devstack/python-tempestconf/.venv/lib/python3.12/site-packages/urllib3/poolmanager.py", line 459, in urlopen
    response = conn.urlopen(method, u.request_uri, **kw)
               ^^^^^^^^^^^^^^^^^^^^^^^^^^^^^^^^^^^^^^^^^

      File "/home/stguser/devstack/python-tempestconf/.venv/lib/python3.12/site-packages/urllib3/connectionpool.py", line 841, in urlopen
    retries = retries.increment(
              ^^^^^^^^^^^^^^^^^^

      File "/home/stguser/devstack/python-tempestconf/.venv/lib/python3.12/site-packages/urllib3/util/retry.py", line 474, in increment
    raise reraise(type(error), error, _stacktrace)
          ^^^^^^^^^^^^^^^^^^^^^^^^^^^^^^^^^^^^^^^^

      File "/home/stguser/devstack/python-tempestconf/.venv/lib/python3.12/site-packages/urllib3/util/util.py", line 39, in reraise
    raise value

      File "/home/stguser/devstack/python-tempestconf/.venv/lib/python3.12/site-packages/urllib3/connectionpool.py", line 787, in urlopen
    response = self._make_request(
               ^^^^^^^^^^^^^^^^^^^

      File "/home/stguser/devstack/python-tempestconf/.venv/lib/python3.12/site-packages/urllib3/connectionpool.py", line 536, in _make_request
    self._raise_timeout(err=e, url=url, timeout_value=read_timeout)

      File "/home/stguser/devstack/python-tempestconf/.venv/lib/python3.12/site-packages/urllib3/connectionpool.py", line 367, in _raise_timeout
    raise ReadTimeoutError(

    urllib3.exceptions.ReadTimeoutError: HTTPConnectionPool(host='9.180.170.14', port=9696): Read timed out. (read timeout=60)


setUpClass (tempest.api.volume.admin.test_volume_retype.VolumeRetypeWithoutMigrationTest)
-----------------------------------------------------------------------------------------

Captured traceback:
~~~~~~~~~~~~~~~~~~~
    Traceback (most recent call last):

      File "/home/stguser/devstack/python-tempestconf/.venv/lib/python3.12/site-packages/tempest/test.py", line 185, in setUpClass
    raise value.with_traceback(trace)

      File "/home/stguser/devstack/python-tempestconf/.venv/lib/python3.12/site-packages/tempest/test.py", line 178, in setUpClass
    cls.resource_setup()

      File "/home/stguser/devstack/python-tempestconf/.venv/lib/python3.12/site-packages/tempest/api/volume/admin/test_volume_retype.py", line 172, in resource_setup
    cls.src_vol_type = cls.create_volume_type('volume-type-1')
                       ^^^^^^^^^^^^^^^^^^^^^^^^^^^^^^^^^^^^^^^

      File "/home/stguser/devstack/python-tempestconf/.venv/lib/python3.12/site-packages/tempest/api/volume/base.py", line 366, in create_volume_type
    volume_type = self.admin_volume_types_client.create_volume_type(
                  ^^^^^^^^^^^^^^^^^^^^^^^^^^^^^^^^^^^^^^^^^^^^^^^^^^

      File "/home/stguser/devstack/python-tempestconf/.venv/lib/python3.12/site-packages/tempest/lib/services/volume/v3/types_client.py", line 90, in create_volume_type
    resp, body = self.post('types', post_body)
                 ^^^^^^^^^^^^^^^^^^^^^^^^^^^^^

      File "/home/stguser/devstack/python-tempestconf/.venv/lib/python3.12/site-packages/tempest/lib/common/rest_client.py", line 314, in post
    resp_header, resp_body = self.request(
                             ^^^^^^^^^^^^^

      File "/home/stguser/devstack/python-tempestconf/.venv/lib/python3.12/site-packages/tempest/lib/common/rest_client.py", line 762, in request
    self._error_checker(resp, resp_body)

      File "/home/stguser/devstack/python-tempestconf/.venv/lib/python3.12/site-packages/tempest/lib/common/rest_client.py", line 892, in _error_checker
    raise exceptions.Conflict(resp_body, resp=resp)

    tempest.lib.exceptions.Conflict: Conflict with state of target resource
Details: {'code': 409, 'message': 'Volume Type volume-type-1 already exists.'}


setUpClass (tempest.api.volume.test_volumes_snapshots.VolumesSnapshotTestJSON)
------------------------------------------------------------------------------

Captured traceback:
~~~~~~~~~~~~~~~~~~~
    Traceback (most recent call last):

      File "/home/stguser/devstack/python-tempestconf/.venv/lib/python3.12/site-packages/urllib3/connectionpool.py", line 534, in _make_request
    response = conn.getresponse()
               ^^^^^^^^^^^^^^^^^^

      File "/home/stguser/devstack/python-tempestconf/.venv/lib/python3.12/site-packages/urllib3/connection.py", line 565, in getresponse
    httplib_response = super().getresponse()
                       ^^^^^^^^^^^^^^^^^^^^^

      File "/usr/lib/python3.12/http/client.py", line 1428, in getresponse
    response.begin()

      File "/usr/lib/python3.12/http/client.py", line 331, in begin
    version, status, reason = self._read_status()
                              ^^^^^^^^^^^^^^^^^^^

      File "/usr/lib/python3.12/http/client.py", line 292, in _read_status
    line = str(self.fp.readline(_MAXLINE + 1), "iso-8859-1")
               ^^^^^^^^^^^^^^^^^^^^^^^^^^^^^^

      File "/usr/lib/python3.12/socket.py", line 707, in readinto
    return self._sock.recv_into(b)
           ^^^^^^^^^^^^^^^^^^^^^^^

    TimeoutError: timed out

    
The above exception was the direct cause of the following exception:


    Traceback (most recent call last):

      File "/home/stguser/devstack/python-tempestconf/.venv/lib/python3.12/site-packages/tempest/test.py", line 185, in setUpClass
    raise value.with_traceback(trace)

      File "/home/stguser/devstack/python-tempestconf/.venv/lib/python3.12/site-packages/tempest/test.py", line 170, in setUpClass
    cls.setup_credentials()

      File "/home/stguser/devstack/python-tempestconf/.venv/lib/python3.12/site-packages/tempest/api/volume/base.py", line 62, in setup_credentials
    super(BaseVolumeTest, cls).setup_credentials()

      File "/home/stguser/devstack/python-tempestconf/.venv/lib/python3.12/site-packages/tempest/test.py", line 398, in setup_credentials
    manager = cls.get_client_manager(
              ^^^^^^^^^^^^^^^^^^^^^^^

      File "/home/stguser/devstack/python-tempestconf/.venv/lib/python3.12/site-packages/tempest/test.py", line 743, in get_client_manager
    creds = getattr(cred_provider, credentials_method)()
            ^^^^^^^^^^^^^^^^^^^^^^^^^^^^^^^^^^^^^^^^^^^^

      File "/home/stguser/devstack/python-tempestconf/.venv/lib/python3.12/site-packages/tempest/lib/common/dynamic_creds.py", line 473, in get_primary_creds
    return self.get_project_member_creds()
           ^^^^^^^^^^^^^^^^^^^^^^^^^^^^^^^

      File "/home/stguser/devstack/python-tempestconf/.venv/lib/python3.12/site-packages/tempest/lib/common/dynamic_creds.py", line 514, in get_project_member_creds
    return self.get_credentials(['member'], scope='project')
           ^^^^^^^^^^^^^^^^^^^^^^^^^^^^^^^^^^^^^^^^^^^^^^^^^

      File "/home/stguser/devstack/python-tempestconf/.venv/lib/python3.12/site-packages/tempest/lib/common/dynamic_creds.py", line 459, in get_credentials
    network, subnet, router = self._create_network_resources(
                              ^^^^^^^^^^^^^^^^^^^^^^^^^^^^^^^

      File "/home/stguser/devstack/python-tempestconf/.venv/lib/python3.12/site-packages/tempest/lib/common/dynamic_creds.py", line 314, in _create_network_resources
    subnet = self._create_subnet(subnet_name, tenant_id,
             ^^^^^^^^^^^^^^^^^^^^^^^^^^^^^^^^^^^^^^^^^^^

      File "/home/stguser/devstack/python-tempestconf/.venv/lib/python3.12/site-packages/tempest/lib/common/dynamic_creds.py", line 349, in _create_subnet
    create_subnet(

      File "/home/stguser/devstack/python-tempestconf/.venv/lib/python3.12/site-packages/tempest/lib/services/network/subnets_client.py", line 27, in create_subnet
    return self.create_resource(uri, post_data)
           ^^^^^^^^^^^^^^^^^^^^^^^^^^^^^^^^^^^^

      File "/home/stguser/devstack/python-tempestconf/.venv/lib/python3.12/site-packages/tempest/lib/services/network/base.py", line 62, in create_resource
    resp, body = self.post(req_uri, req_post_data)
                 ^^^^^^^^^^^^^^^^^^^^^^^^^^^^^^^^^

      File "/home/stguser/devstack/python-tempestconf/.venv/lib/python3.12/site-packages/tempest/lib/common/rest_client.py", line 314, in post
    resp_header, resp_body = self.request(
                             ^^^^^^^^^^^^^

      File "/home/stguser/devstack/python-tempestconf/.venv/lib/python3.12/site-packages/tempest/lib/common/rest_client.py", line 746, in request
    resp, resp_body = self._request(method, url, headers=headers,
                      ^^^^^^^^^^^^^^^^^^^^^^^^^^^^^^^^^^^^^^^^^^^

      File "/home/stguser/devstack/python-tempestconf/.venv/lib/python3.12/site-packages/tempest/lib/common/rest_client.py", line 612, in _request
    resp, resp_body = self.raw_request(
                      ^^^^^^^^^^^^^^^^^

      File "/home/stguser/devstack/python-tempestconf/.venv/lib/python3.12/site-packages/tempest/lib/common/rest_client.py", line 661, in raw_request
    resp, resp_body = self.http_obj.request(
                      ^^^^^^^^^^^^^^^^^^^^^^

      File "/home/stguser/devstack/python-tempestconf/.venv/lib/python3.12/site-packages/tempest/lib/common/http.py", line 123, in request
    r = super(ClosingHttp, self).request(method, url, retries=retry,
        ^^^^^^^^^^^^^^^^^^^^^^^^^^^^^^^^^^^^^^^^^^^^^^^^^^^^^^^^^^^^

      File "/home/stguser/devstack/python-tempestconf/.venv/lib/python3.12/site-packages/urllib3/_request_methods.py", line 143, in request
    return self.request_encode_body(
           ^^^^^^^^^^^^^^^^^^^^^^^^^

      File "/home/stguser/devstack/python-tempestconf/.venv/lib/python3.12/site-packages/urllib3/_request_methods.py", line 278, in request_encode_body
    return self.urlopen(method, url, **extra_kw)
           ^^^^^^^^^^^^^^^^^^^^^^^^^^^^^^^^^^^^^

      File "/home/stguser/devstack/python-tempestconf/.venv/lib/python3.12/site-packages/urllib3/poolmanager.py", line 459, in urlopen
    response = conn.urlopen(method, u.request_uri, **kw)
               ^^^^^^^^^^^^^^^^^^^^^^^^^^^^^^^^^^^^^^^^^

      File "/home/stguser/devstack/python-tempestconf/.venv/lib/python3.12/site-packages/urllib3/connectionpool.py", line 841, in urlopen
    retries = retries.increment(
              ^^^^^^^^^^^^^^^^^^

      File "/home/stguser/devstack/python-tempestconf/.venv/lib/python3.12/site-packages/urllib3/util/retry.py", line 474, in increment
    raise reraise(type(error), error, _stacktrace)
          ^^^^^^^^^^^^^^^^^^^^^^^^^^^^^^^^^^^^^^^^

      File "/home/stguser/devstack/python-tempestconf/.venv/lib/python3.12/site-packages/urllib3/util/util.py", line 39, in reraise
    raise value

      File "/home/stguser/devstack/python-tempestconf/.venv/lib/python3.12/site-packages/urllib3/connectionpool.py", line 787, in urlopen
    response = self._make_request(
               ^^^^^^^^^^^^^^^^^^^

      File "/home/stguser/devstack/python-tempestconf/.venv/lib/python3.12/site-packages/urllib3/connectionpool.py", line 536, in _make_request
    self._raise_timeout(err=e, url=url, timeout_value=read_timeout)

      File "/home/stguser/devstack/python-tempestconf/.venv/lib/python3.12/site-packages/urllib3/connectionpool.py", line 367, in _raise_timeout
    raise ReadTimeoutError(

    urllib3.exceptions.ReadTimeoutError: HTTPConnectionPool(host='9.180.170.14', port=9696): Read timed out. (read timeout=60)


tempest.api.volume.test_volumes_negative.VolumesNegativeTest.test_attach_volumes_with_nonexistent_volume_id[compute,id-f5e56b0a-5d02-43c1-a2a7-c9b792c2e3f6,negative]
---------------------------------------------------------------------------------------------------------------------------------------------------------------------

Captured traceback:
~~~~~~~~~~~~~~~~~~~
    Traceback (most recent call last):

      File "/home/stguser/devstack/python-tempestconf/.venv/lib/python3.12/site-packages/tempest/common/utils/__init__.py", line 65, in wrapper
    return f(*func_args, **func_kwargs)
           ^^^^^^^^^^^^^^^^^^^^^^^^^^^^

      File "/home/stguser/devstack/python-tempestconf/.venv/lib/python3.12/site-packages/tempest/api/volume/test_volumes_negative.py", line 188, in test_attach_volumes_with_nonexistent_volume_id
    server = self.create_server()
             ^^^^^^^^^^^^^^^^^^^^

      File "/home/stguser/devstack/python-tempestconf/.venv/lib/python3.12/site-packages/tempest/api/volume/base.py", line 270, in create_server
    body, _ = compute.create_test_server(
              ^^^^^^^^^^^^^^^^^^^^^^^^^^^

      File "/home/stguser/devstack/python-tempestconf/.venv/lib/python3.12/site-packages/tempest/common/compute.py", line 343, in create_test_server
    with excutils.save_and_reraise_exception():

      File "/home/stguser/devstack/python-tempestconf/.venv/lib/python3.12/site-packages/oslo_utils/excutils.py", line 227, in __exit__
    self.force_reraise()

      File "/home/stguser/devstack/python-tempestconf/.venv/lib/python3.12/site-packages/oslo_utils/excutils.py", line 200, in force_reraise
    raise self.value

      File "/home/stguser/devstack/python-tempestconf/.venv/lib/python3.12/site-packages/tempest/common/compute.py", line 326, in create_test_server
    server = waiters.wait_for_server_status(
             ^^^^^^^^^^^^^^^^^^^^^^^^^^^^^^^

      File "/home/stguser/devstack/python-tempestconf/.venv/lib/python3.12/site-packages/tempest/common/waiters.py", line 80, in wait_for_server_status
    raise exceptions.BuildErrorException(details, server_id=server_id)

    tempest.exceptions.BuildErrorException: Server 9e544387-5376-4169-8956-2c18ff82b9ea failed to build and is in ERROR status
Details:  Request ID of server operation performed before checking the server status req-c0032a9e-b807-41e6-8989-066551292c78.


Captured pythonlogging:
~~~~~~~~~~~~~~~~~~~~~~~
    2025-09-12 14:14:45,942 3065469 INFO     [tempest.lib.common.rest_client] Request (VolumesNegativeTest:test_attach_volumes_with_nonexistent_volume_id): 201 POST http://9.180.170.14/identity/v3/auth/tokens 0.419s
2025-09-12 14:14:46,030 3065469 DEBUG    [tempest.lib.common.rest_client] Request - Headers: {'Content-Type': 'application/json', 'Accept': 'application/json'}
        Body: <omitted>
    Response - Headers: {'date': 'Fri, 12 Sep 2025 14:14:45 GMT', 'server': 'Apache/2.4.58 (Ubuntu)', 'content-type': 'application/json', 'content-length': '2504', 'x-subject-token': '<omitted>', 'vary': 'X-Auth-Token', 'x-openstack-request-id': 'req-cafbbbce-7b9a-4f0e-af33-2dc3df6fb7d1', 'connection': 'close', 'status': '201', 'content-location': 'http://9.180.170.14/identity/v3/auth/tokens'}
        Body: b'{"token": {"methods": ["password"], "user": {"domain": {"id": "default", "name": "Default"}, "id": "b520d7d7cd0448838c4b7e68bb2cbf58", "name": "tempest-VolumesNegativeTest-614508170-project-member", "password_expires_at": null}, "audit_ids": ["icR57sx-Sm2j642CucRG0g"], "expires_at": "2025-09-12T15:14:45.000000Z", "issued_at": "2025-09-12T14:14:45.000000Z", "project": {"domain": {"id": "default", "name": "Default"}, "id": "6e509b279cdf4ef1847e574b97c796ff", "name": "tempest-VolumesNegativeTest-614508170"}, "is_domain": false, "roles": [{"id": "0318ff2ff2ad4fe09a237fa5e50f6f5e", "name": "member"}, {"id": "a4702ed7d4924839ac242110be92a2e7", "name": "reader"}], "catalog": [{"endpoints": [{"id": "d6c766b1e6ad4c98a760198d1a6b1df5", "interface": "public", "region_id": "RegionOne", "url": "http://9.180.170.14/image", "region": "RegionOne"}], "id": "0c66eabb6e174632ba37e112ade6910b", "type": "image", "name": "glance"}, {"endpoints": [{"id": "6b7996518fd3420e913478ccc29baf1e", "interface": "public", "region_id": "RegionOne", "url": "http://9.180.170.14/volume/v3", "region": "RegionOne"}], "id": "15ca64b596d24cb5af8c4eee2b076782", "type": "block-storage", "name": "cinder"}, {"endpoints": [{"id": "eb2749a58ec24dfb94178686d693c5cf", "interface": "public", "region_id": "RegionOne", "url": "http://9.180.170.14/compute/v2/6e509b279cdf4ef1847e574b97c796ff", "region": "RegionOne"}], "id": "34084b350dbc4f95b11dbf5b69499358", "type": "compute_legacy", "name": "nova_legacy"}, {"endpoints": [{"id": "db918ce86a8144c5bf984ac6cd3965ec", "interface": "public", "region_id": "RegionOne", "url": "http://9.180.170.14/placement", "region": "RegionOne"}], "id": "7f822a9ddd874a49998cb8a886c187e0", "type": "placement", "name": "placement"}, {"endpoints": [{"id": "f731e3bc851d425198b759da0d77cf5d", "interface": "public", "region_id": "RegionOne", "url": "http://9.180.170.14:9696/networking", "region": "RegionOne"}], "id": "8125845998564568b87ba757d7b63c81", "type": "network", "name": "neutron"}, {"endpoints": [{"id": "9012c0ae45834805869e04e0209b4dab", "interface": "public", "region_id": "RegionOne", "url": "http://9.180.170.14/identity", "region": "RegionOne"}], "id": "8664912605c04c888b898d2ec84e91bf", "type": "identity", "name": "keystone"}, {"endpoints": [{"id": "d794c89b75a0464f8ba6fd204cab0ed6", "interface": "public", "region_id": "RegionOne", "url": "http://9.180.170.14/compute/v2.1", "region": "RegionOne"}], "id": "c5587a973a6140f1977d88ed7c7983e3", "type": "compute", "name": "nova"}]}}'
2025-09-12 14:14:46,031 3065469 INFO     [tempest.lib.common.fixed_network] (VolumesNegativeTest:test_attach_volumes_with_nonexistent_volume_id) Found network None available for tenant
2025-09-12 14:15:08,964 3065469 INFO     [tempest.lib.common.rest_client] Request (VolumesNegativeTest:test_attach_volumes_with_nonexistent_volume_id): 202 POST http://9.180.170.14/compute/v2.1/servers 22.930s
2025-09-12 14:15:09,043 3065469 DEBUG    [tempest.lib.common.rest_client] Request - Headers: {'Content-Type': 'application/json', 'Accept': 'application/json', 'X-Auth-Token': '<omitted>'}
        Body: {"server": {"name": "tempest-VolumesNegativeTest-instance-1854828899", "imageRef": "e0ae62a3-91c6-40f7-8147-acab952b63ac", "flavorRef": "42"}}
    Response - Headers: {'date': 'Fri, 1
    2 Sep 2025 14:14:46 GMT', 'server': 'Apache/2.4.58 (Ubuntu)', 'content-length': '382', 'location': 'http://9.180.170.14/compute/v2.1/servers/9e544387-5376-4169-8956-2c18ff82b9ea', 'content-type': 'application/json', 'openstack-api-version': 'compute 2.1', 'x-openstack-nova-api-version': '2.1', 'vary': 'OpenStack-API-Version,X-OpenStack-Nova-API-Version', 'x-openstack-request-id': 'req-c0032a9e-b807-41e6-8989-066551292c78', 'x-compute-request-id': 'req-c0032a9e-b807-41e6-8989-066551292c78', 'connection': 'close', 'status': '202', 'content-location': 'http://9.180.170.14/compute/v2.1/servers'}
        Body: b'{"server": {"id": "9e544387-5376-4169-8956-2c18ff82b9ea", "links": [{"rel": "self", "href": "http://9.180.170.14/compute/v2.1/servers/9e544387-5376-4169-8956-2c18ff82b9ea"}, {"rel": "bookmark", "href": "http://9.180.170.14/compute/servers/9e544387-5376-4169-8956-2c18ff82b9ea"}], "OS-DCF:diskConfig": "MANUAL", "security_groups": [{"name": "default"}], "adminPass": "E8HBrfZh72om"}}'
2025-09-12 14:15:12,638 3065469 INFO     [tempest.lib.common.rest_client] Request (VolumesNegativeTest:test_attach_volumes_with_nonexistent_volume_id): 200 GET http://9.180.170.14/compute/v2.1/servers/9e544387-5376-4169-8956-2c18ff82b9ea 3.589s
2025-09-12 14:15:12,638 3065469 DEBUG    [tempest.lib.common.rest_client] Request - Headers: {'Content-Type': 'application/json', 'Accept': 'application/json', 'X-Auth-Token': '<omitted>'}
        Body: None
    Response - Headers: {'date': 'Fri, 12 Sep 2025 14:15:09 GMT', 'server': 'Apache/2.4.58 (Ubuntu)', 'content-length': '1217', 'content-type': 'application/json', 'openstack-api-version': 'compute 2.1', 'x-openstack-nova-api-version': '2.1', 'vary': 'OpenStack-API-Version,X-OpenStack-Nova-API-Version', 'x-openstack-request-id': 'req-e3aae540-d262-4130-8384-f6c069326c4a', 'x-compute-request-id': 'req-e3aae540-d262-4130-8384-f6c069326c4a', 'connection': 'close', 'status': '200', 'content-location': 'http://9.180.170.14/compute/v2.1/servers/9e544387-5376-4169-8956-2c18ff82b9ea'}
        Body: b'{"server": {"id": "9e544387-5376-4169-8956-2c18ff82b9ea", "name": "tempest-VolumesNegativeTest-instance-1854828899", "status": "BUILD", "tenant_id": "6e509b279cdf4ef1847e574b97c796ff", "user_id": "b520d7d7cd0448838c4b7e68bb2cbf58", "metadata": {}, "hostId": "", "image": {"id": "e0ae62a3-91c6-40f7-8147-acab952b63ac", "links": [{"rel": "bookmark", "href": "http://9.180.170.14/compute/images/e0ae62a3-91c6-40f7-8147-acab952b63ac"}]}, "flavor": {"id": "42", "links": [{"rel": "bookmark", "href": "http://9.180.170.14/compute/flavors/42"}]}, "created": "2025-09-12T14:15:03Z", "updated": "2025-09-12T14:15:09Z", "addresses": {}, "accessIPv4": "", "accessIPv6": "", "links": [{"rel": "self", "href": "http://9.180.170.14/compute/v2.1/servers/9e544387-5376-4169-8956-2c18ff82b9ea"}, {"rel": "bookmark", "href": "http://9.180.170.14/compute/servers/9e544387-5376-4169-8956-2c18ff82b9ea"}], "OS-DCF:diskConfig": "MANUAL", "progress": 0, "OS-EXT-AZ:availability_zone": "", "config_drive": "", "key_name": null, "OS-SRV-USG:launched_at": null, "OS-SRV-USG:terminated_at": null, "OS-EXT-STS:task_state": "scheduling", "OS-EXT-STS:vm_state": "building", "OS-EXT-STS:power_state": 0, "os-extended-volumes:volumes_attached": []}}'
2025-09-12 14:15:13,875 3065469 INFO     [tempest.lib.common.rest_client] Request (VolumesNegativeTest:test_attach_volumes_with_nonexistent_volume_id): 200 GET http://9.180.170.14/compute/v2.1/servers/9e544387-5376-4169-8956-2c18ff82b9ea 0.205s
2025-09-12 14:15:13,875 3065469 DEBUG    [tempest.lib.common.rest_client] Request - Headers: {'Content-Type': 'application/json', 'Accept': 'application/json', 'X-Auth-Token': '<omitted>'}
        Body: None
    Response - Headers: {'date': 'Fri, 12 Sep 2025 14:15:13 GMT', 'server': 'Apache/2.4.58 (Ubuntu)', 'content-length': '1217', 'content-type': 'application/json', 'openstack-api-version': 'compute 2.1', 'x-openstack-nova-api-version': '2.1', 'vary': 'OpenStack-API-Version,X-OpenStack-Nova-API-Version', 'x-openstack-request-id': 'req-dbf66214-a716-42ac-a0c0-801a12111ea7
    ', 'x-compute-request-id': 'req-dbf66214-a716-42ac-a0c0-801a12111ea7', 'connection': 'close', 'status': '200', 'content-location': 'http://9.180.170.14/compute/v2.1/servers/9e544387-5376-4169-8956-2c18ff82b9ea'}
        Body: b'{"server": {"id": "9e544387-5376-4169-8956-2c18ff82b9ea", "name": "tempest-VolumesNegativeTest-instance-1854828899", "status": "BUILD", "tenant_id": "6e509b279cdf4ef1847e574b97c796ff", "user_id": "b520d7d7cd0448838c4b7e68bb2cbf58", "metadata": {}, "hostId": "", "image": {"id": "e0ae62a3-91c6-40f7-8147-acab952b63ac", "links": [{"rel": "bookmark", "href": "http://9.180.170.14/compute/images/e0ae62a3-91c6-40f7-8147-acab952b63ac"}]}, "flavor": {"id": "42", "links": [{"rel": "bookmark", "href": "http://9.180.170.14/compute/flavors/42"}]}, "created": "2025-09-12T14:15:03Z", "updated": "2025-09-12T14:15:13Z", "addresses": {}, "accessIPv4": "", "accessIPv6": "", "links": [{"rel": "self", "href": "http://9.180.170.14/compute/v2.1/servers/9e544387-5376-4169-8956-2c18ff82b9ea"}, {"rel": "bookmark", "href": "http://9.180.170.14/compute/servers/9e544387-5376-4169-8956-2c18ff82b9ea"}], "OS-DCF:diskConfig": "MANUAL", "progress": 0, "OS-EXT-AZ:availability_zone": "", "config_drive": "", "key_name": null, "OS-SRV-USG:launched_at": null, "OS-SRV-USG:terminated_at": null, "OS-EXT-STS:task_state": "scheduling", "OS-EXT-STS:vm_state": "building", "OS-EXT-STS:power_state": 0, "os-extended-volumes:volumes_attached": []}}'
2025-09-12 14:15:15,729 3065469 INFO     [tempest.lib.common.rest_client] Request (VolumesNegativeTest:test_attach_volumes_with_nonexistent_volume_id): 200 GET http://9.180.170.14/compute/v2.1/servers/9e544387-5376-4169-8956-2c18ff82b9ea 0.837s
2025-09-12 14:15:15,730 3065469 DEBUG    [tempest.lib.common.rest_client] Request - Headers: {'Content-Type': 'application/json', 'Accept': 'application/json', 'X-Auth-Token': '<omitted>'}
        Body: None
    Response - Headers: {'date': 'Fri, 12 Sep 2025 14:15:14 GMT', 'server': 'Apache/2.4.58 (Ubuntu)', 'content-length': '1217', 'content-type': 'application/json', 'openstack-api-version': 'compute 2.1', 'x-openstack-nova-api-version': '2.1', 'vary': 'OpenStack-API-Version,X-OpenStack-Nova-API-Version', 'x-openstack-request-id': 'req-9ace2203-10da-40f9-8c06-81ae05920d01', 'x-compute-request-id': 'req-9ace2203-10da-40f9-8c06-81ae05920d01', 'connection': 'close', 'status': '200', 'content-location': 'http://9.180.170.14/compute/v2.1/servers/9e544387-5376-4169-8956-2c18ff82b9ea'}
        Body: b'{"server": {"id": "9e544387-5376-4169-8956-2c18ff82b9ea", "name": "tempest-VolumesNegativeTest-instance-1854828899", "status": "BUILD", "tenant_id": "6e509b279cdf4ef1847e574b97c796ff", "user_id": "b520d7d7cd0448838c4b7e68bb2cbf58", "metadata": {}, "hostId": "", "image": {"id": "e0ae62a3-91c6-40f7-8147-acab952b63ac", "links": [{"rel": "bookmark", "href": "http://9.180.170.14/compute/images/e0ae62a3-91c6-40f7-8147-acab952b63ac"}]}, "flavor": {"id": "42", "links": [{"rel": "bookmark", "href": "http://9.180.170.14/compute/flavors/42"}]}, "created": "2025-09-12T14:15:03Z", "updated": "2025-09-12T14:15:14Z", "addresses": {}, "accessIPv4": "", "accessIPv6": "", "links": [{"rel": "self", "href": "http://9.180.170.14/compute/v2.1/servers/9e544387-5376-4169-8956-2c18ff82b9ea"}, {"rel": "bookmark", "href": "http://9.180.170.14/compute/servers/9e544387-5376-4169-8956-2c18ff82b9ea"}], "OS-DCF:diskConfig": "MANUAL", "progress": 0, "OS-EXT-AZ:availability_zone": "", "config_drive": "", "key_name": null, "OS-SRV-USG:launched_at": null, "OS-SRV-USG:terminated_at": null, "OS-EXT-STS:task_state": "scheduling", "OS-EXT-STS:vm_state": "building", "OS-EXT-STS:power_state": 0, "os-extended-volumes:volumes_attached": []}}'
2025-09-12 14:15:16,897 3065469 INFO     [tempest.lib.common.rest_client] Request (VolumesNegativeTest:test_attach_volumes_with_nonexistent_volume_id): 200 GET http://9.180.170.14/compute/v2.1/servers/9e544387-5376-4169-8956-2c18ff82b9ea 0.149s
2025-09-12 14:15:16,897 3065469 DEBUG    [tempest.lib.common.rest_client] Request - Headers: {'Content-Type': 'application/json', 'A
    ccept': 'application/json', 'X-Auth-Token': '<omitted>'}
        Body: None
    Response - Headers: {'date': 'Fri, 12 Sep 2025 14:15:16 GMT', 'server': 'Apache/2.4.58 (Ubuntu)', 'content-length': '1217', 'content-type': 'application/json', 'openstack-api-version': 'compute 2.1', 'x-openstack-nova-api-version': '2.1', 'vary': 'OpenStack-API-Version,X-OpenStack-Nova-API-Version', 'x-openstack-request-id': 'req-43d80b2b-f91c-4014-ae32-b1bd5ad47f23', 'x-compute-request-id': 'req-43d80b2b-f91c-4014-ae32-b1bd5ad47f23', 'connection': 'close', 'status': '200', 'content-location': 'http://9.180.170.14/compute/v2.1/servers/9e544387-5376-4169-8956-2c18ff82b9ea'}
        Body: b'{"server": {"id": "9e544387-5376-4169-8956-2c18ff82b9ea", "name": "tempest-VolumesNegativeTest-instance-1854828899", "status": "BUILD", "tenant_id": "6e509b279cdf4ef1847e574b97c796ff", "user_id": "b520d7d7cd0448838c4b7e68bb2cbf58", "metadata": {}, "hostId": "", "image": {"id": "e0ae62a3-91c6-40f7-8147-acab952b63ac", "links": [{"rel": "bookmark", "href": "http://9.180.170.14/compute/images/e0ae62a3-91c6-40f7-8147-acab952b63ac"}]}, "flavor": {"id": "42", "links": [{"rel": "bookmark", "href": "http://9.180.170.14/compute/flavors/42"}]}, "created": "2025-09-12T14:15:03Z", "updated": "2025-09-12T14:15:16Z", "addresses": {}, "accessIPv4": "", "accessIPv6": "", "links": [{"rel": "self", "href": "http://9.180.170.14/compute/v2.1/servers/9e544387-5376-4169-8956-2c18ff82b9ea"}, {"rel": "bookmark", "href": "http://9.180.170.14/compute/servers/9e544387-5376-4169-8956-2c18ff82b9ea"}], "OS-DCF:diskConfig": "MANUAL", "progress": 0, "OS-EXT-AZ:availability_zone": "", "config_drive": "", "key_name": null, "OS-SRV-USG:launched_at": null, "OS-SRV-USG:terminated_at": null, "OS-EXT-STS:task_state": "scheduling", "OS-EXT-STS:vm_state": "building", "OS-EXT-STS:power_state": 0, "os-extended-volumes:volumes_attached": []}}'
2025-09-12 14:15:18,106 3065469 INFO     [tempest.lib.common.rest_client] Request (VolumesNegativeTest:test_attach_volumes_with_nonexistent_volume_id): 200 GET http://9.180.170.14/compute/v2.1/servers/9e544387-5376-4169-8956-2c18ff82b9ea 0.190s
2025-09-12 14:15:18,119 3065469 DEBUG    [tempest.lib.common.rest_client] Request - Headers: {'Content-Type': 'application/json', 'Accept': 'application/json', 'X-Auth-Token': '<omitted>'}
        Body: None
    Response - Headers: {'date': 'Fri, 12 Sep 2025 14:15:17 GMT', 'server': 'Apache/2.4.58 (Ubuntu)', 'content-length': '1217', 'content-type': 'application/json', 'openstack-api-version': 'compute 2.1', 'x-openstack-nova-api-version': '2.1', 'vary': 'OpenStack-API-Version,X-OpenStack-Nova-API-Version', 'x-openstack-request-id': 'req-bf3f63be-5e20-4824-85fa-9a4a462ff1b2', 'x-compute-request-id': 'req-bf3f63be-5e20-4824-85fa-9a4a462ff1b2', 'connection': 'close', 'status': '200', 'content-location': 'http://9.180.170.14/compute/v2.1/servers/9e544387-5376-4169-8956-2c18ff82b9ea'}
        Body: b'{"server": {"id": "9e544387-5376-4169-8956-2c18ff82b9ea", "name": "tempest-VolumesNegativeTest-instance-1854828899", "status": "BUILD", "tenant_id": "6e509b279cdf4ef1847e574b97c796ff", "user_id": "b520d7d7cd0448838c4b7e68bb2cbf58", "metadata": {}, "hostId": "", "image": {"id": "e0ae62a3-91c6-40f7-8147-acab952b63ac", "links": [{"rel": "bookmark", "href": "http://9.180.170.14/compute/images/e0ae62a3-91c6-40f7-8147-acab952b63ac"}]}, "flavor": {"id": "42", "links": [{"rel": "bookmark", "href": "http://9.180.170.14/compute/flavors/42"}]}, "created": "2025-09-12T14:15:03Z", "updated": "2025-09-12T14:15:18Z", "addresses": {}, "accessIPv4": "", "accessIPv6": "", "links": [{"rel": "self", "href": "http://9.180.170.14/compute/v2.1/servers/9e544387-5376-4169-8956-2c18ff82b9ea"}, {"rel": "bookmark", "href": "http://9.180.170.14/compute/servers/9e544387-5376-4169-8956-2c18ff82b9ea"}], "OS-DCF:diskConfig": "MANUAL", "progress": 0, "OS-EXT-AZ:availability_zone": "", "config_drive": "", "key_name": null, "OS-SRV-USG:launched_at": null, "OS-SRV-USG:terminated_at": null, "OS-EXT-STS:task_state": "scheduling", "OS-EXT-STS:vm_state": "building", "OS-
    EXT-STS:power_state": 0, "os-extended-volumes:volumes_attached": []}}'
2025-09-12 14:15:19,698 3065469 INFO     [tempest.lib.common.rest_client] Request (VolumesNegativeTest:test_attach_volumes_with_nonexistent_volume_id): 200 GET http://9.180.170.14/compute/v2.1/servers/9e544387-5376-4169-8956-2c18ff82b9ea 0.560s
2025-09-12 14:15:19,698 3065469 DEBUG    [tempest.lib.common.rest_client] Request - Headers: {'Content-Type': 'application/json', 'Accept': 'application/json', 'X-Auth-Token': '<omitted>'}
        Body: None
    Response - Headers: {'date': 'Fri, 12 Sep 2025 14:15:19 GMT', 'server': 'Apache/2.4.58 (Ubuntu)', 'content-length': '1217', 'content-type': 'application/json', 'openstack-api-version': 'compute 2.1', 'x-openstack-nova-api-version': '2.1', 'vary': 'OpenStack-API-Version,X-OpenStack-Nova-API-Version', 'x-openstack-request-id': 'req-5d44e510-bf27-430f-b02e-600915bf7ab1', 'x-compute-request-id': 'req-5d44e510-bf27-430f-b02e-600915bf7ab1', 'connection': 'close', 'status': '200', 'content-location': 'http://9.180.170.14/compute/v2.1/servers/9e544387-5376-4169-8956-2c18ff82b9ea'}
        Body: b'{"server": {"id": "9e544387-5376-4169-8956-2c18ff82b9ea", "name": "tempest-VolumesNegativeTest-instance-1854828899", "status": "BUILD", "tenant_id": "6e509b279cdf4ef1847e574b97c796ff", "user_id": "b520d7d7cd0448838c4b7e68bb2cbf58", "metadata": {}, "hostId": "", "image": {"id": "e0ae62a3-91c6-40f7-8147-acab952b63ac", "links": [{"rel": "bookmark", "href": "http://9.180.170.14/compute/images/e0ae62a3-91c6-40f7-8147-acab952b63ac"}]}, "flavor": {"id": "42", "links": [{"rel": "bookmark", "href": "http://9.180.170.14/compute/flavors/42"}]}, "created": "2025-09-12T14:15:03Z", "updated": "2025-09-12T14:15:19Z", "addresses": {}, "accessIPv4": "", "accessIPv6": "", "links": [{"rel": "self", "href": "http://9.180.170.14/compute/v2.1/servers/9e544387-5376-4169-8956-2c18ff82b9ea"}, {"rel": "bookmark", "href": "http://9.180.170.14/compute/servers/9e544387-5376-4169-8956-2c18ff82b9ea"}], "OS-DCF:diskConfig": "MANUAL", "progress": 0, "OS-EXT-AZ:availability_zone": "", "config_drive": "", "key_name": null, "OS-SRV-USG:launched_at": null, "OS-SRV-USG:terminated_at": null, "OS-EXT-STS:task_state": "scheduling", "OS-EXT-STS:vm_state": "building", "OS-EXT-STS:power_state": 0, "os-extended-volumes:volumes_attached": []}}'
2025-09-12 14:15:20,934 3065469 INFO     [tempest.lib.common.rest_client] Request (VolumesNegativeTest:test_attach_volumes_with_nonexistent_volume_id): 200 GET http://9.180.170.14/compute/v2.1/servers/9e544387-5376-4169-8956-2c18ff82b9ea 0.219s
2025-09-12 14:15:20,934 3065469 DEBUG    [tempest.lib.common.rest_client] Request - Headers: {'Content-Type': 'application/json', 'Accept': 'application/json', 'X-Auth-Token': '<omitted>'}
        Body: None
    Response - Headers: {'date': 'Fri, 12 Sep 2025 14:15:20 GMT', 'server': 'Apache/2.4.58 (Ubuntu)', 'content-length': '1217', 'content-type': 'application/json', 'openstack-api-version': 'compute 2.1', 'x-openstack-nova-api-version': '2.1', 'vary': 'OpenStack-API-Version,X-OpenStack-Nova-API-Version', 'x-openstack-request-id': 'req-c0e80f73-c3ce-424a-add0-b89f5e48adfc', 'x-compute-request-id': 'req-c0e80f73-c3ce-424a-add0-b89f5e48adfc', 'connection': 'close', 'status': '200', 'content-location': 'http://9.180.170.14/compute/v2.1/servers/9e544387-5376-4169-8956-2c18ff82b9ea'}
        Body: b'{"server": {"id": "9e544387-5376-4169-8956-2c18ff82b9ea", "name": "tempest-VolumesNegativeTest-instance-1854828899", "status": "BUILD", "tenant_id": "6e509b279cdf4ef1847e574b97c796ff", "user_id": "b520d7d7cd0448838c4b7e68bb2cbf58", "metadata": {}, "hostId": "", "image": {"id": "e0ae62a3-91c6-40f7-8147-acab952b63ac", "links": [{"rel": "bookmark", "href": "http://9.180.170.14/compute/images/e0ae62a3-91c6-40f7-8147-acab952b63ac"}]}, "flavor": {"id": "42", "links": [{"rel": "bookmark", "href": "http://9.180.170.14/compute/flavors/42"}]}, "created": "2025-09-12T14:15:03Z", "updated": "2025-09-12T14:15:20Z", "addresses": {}, "accessIPv4": "", "accessIPv6": "", "links": [{"rel": "self", "href": "ht
    tp://9.180.170.14/compute/v2.1/servers/9e544387-5376-4169-8956-2c18ff82b9ea"}, {"rel": "bookmark", "href": "http://9.180.170.14/compute/servers/9e544387-5376-4169-8956-2c18ff82b9ea"}], "OS-DCF:diskConfig": "MANUAL", "progress": 0, "OS-EXT-AZ:availability_zone": "", "config_drive": "", "key_name": null, "OS-SRV-USG:launched_at": null, "OS-SRV-USG:terminated_at": null, "OS-EXT-STS:task_state": "scheduling", "OS-EXT-STS:vm_state": "building", "OS-EXT-STS:power_state": 0, "os-extended-volumes:volumes_attached": []}}'
2025-09-12 14:15:23,226 3065469 INFO     [tempest.lib.common.rest_client] Request (VolumesNegativeTest:test_attach_volumes_with_nonexistent_volume_id): 200 GET http://9.180.170.14/compute/v2.1/servers/9e544387-5376-4169-8956-2c18ff82b9ea 1.267s
2025-09-12 14:15:23,227 3065469 DEBUG    [tempest.lib.common.rest_client] Request - Headers: {'Content-Type': 'application/json', 'Accept': 'application/json', 'X-Auth-Token': '<omitted>'}
        Body: None
    Response - Headers: {'date': 'Fri, 12 Sep 2025 14:15:21 GMT', 'server': 'Apache/2.4.58 (Ubuntu)', 'content-length': '1217', 'content-type': 'application/json', 'openstack-api-version': 'compute 2.1', 'x-openstack-nova-api-version': '2.1', 'vary': 'OpenStack-API-Version,X-OpenStack-Nova-API-Version', 'x-openstack-request-id': 'req-766c2a53-16b2-466e-9d12-b65ecc830f50', 'x-compute-request-id': 'req-766c2a53-16b2-466e-9d12-b65ecc830f50', 'connection': 'close', 'status': '200', 'content-location': 'http://9.180.170.14/compute/v2.1/servers/9e544387-5376-4169-8956-2c18ff82b9ea'}
        Body: b'{"server": {"id": "9e544387-5376-4169-8956-2c18ff82b9ea", "name": "tempest-VolumesNegativeTest-instance-1854828899", "status": "BUILD", "tenant_id": "6e509b279cdf4ef1847e574b97c796ff", "user_id": "b520d7d7cd0448838c4b7e68bb2cbf58", "metadata": {}, "hostId": "", "image": {"id": "e0ae62a3-91c6-40f7-8147-acab952b63ac", "links": [{"rel": "bookmark", "href": "http://9.180.170.14/compute/images/e0ae62a3-91c6-40f7-8147-acab952b63ac"}]}, "flavor": {"id": "42", "links": [{"rel": "bookmark", "href": "http://9.180.170.14/compute/flavors/42"}]}, "created": "2025-09-12T14:15:03Z", "updated": "2025-09-12T14:15:22Z", "addresses": {}, "accessIPv4": "", "accessIPv6": "", "links": [{"rel": "self", "href": "http://9.180.170.14/compute/v2.1/servers/9e544387-5376-4169-8956-2c18ff82b9ea"}, {"rel": "bookmark", "href": "http://9.180.170.14/compute/servers/9e544387-5376-4169-8956-2c18ff82b9ea"}], "OS-DCF:diskConfig": "MANUAL", "progress": 0, "OS-EXT-AZ:availability_zone": "", "config_drive": "", "key_name": null, "OS-SRV-USG:launched_at": null, "OS-SRV-USG:terminated_at": null, "OS-EXT-STS:task_state": "scheduling", "OS-EXT-STS:vm_state": "building", "OS-EXT-STS:power_state": 0, "os-extended-volumes:volumes_attached": []}}'
2025-09-12 14:15:24,458 3065469 INFO     [tempest.lib.common.rest_client] Request (VolumesNegativeTest:test_attach_volumes_with_nonexistent_volume_id): 200 GET http://9.180.170.14/compute/v2.1/servers/9e544387-5376-4169-8956-2c18ff82b9ea 0.212s
2025-09-12 14:15:24,531 3065469 DEBUG    [tempest.lib.common.rest_client] Request - Headers: {'Content-Type': 'application/json', 'Accept': 'application/json', 'X-Auth-Token': '<omitted>'}
        Body: None
    Response - Headers: {'date': 'Fri, 12 Sep 2025 14:15:24 GMT', 'server': 'Apache/2.4.58 (Ubuntu)', 'content-length': '1217', 'content-type': 'application/json', 'openstack-api-version': 'compute 2.1', 'x-openstack-nova-api-version': '2.1', 'vary': 'OpenStack-API-Version,X-OpenStack-Nova-API-Version', 'x-openstack-request-id': 'req-de6f3cf0-1ab1-4460-a472-a6fb87f0ba7d', 'x-compute-request-id': 'req-de6f3cf0-1ab1-4460-a472-a6fb87f0ba7d', 'connection': 'close', 'status': '200', 'content-location': 'http://9.180.170.14/compute/v2.1/servers/9e544387-5376-4169-8956-2c18ff82b9ea'}
        Body: b'{"server": {"id": "9e544387-5376-4169-8956-2c18ff82b9ea", "name": "tempest-VolumesNegativeTest-instance-1854828899", "status": "BUILD", "tenant_id": "6e509b279cdf4ef1847e574b97c796ff", "user_id": "b520d7d7cd0448838c4b7e68bb2cbf58", "metadata": {}, "hos
    tId": "", "image": {"id": "e0ae62a3-91c6-40f7-8147-acab952b63ac", "links": [{"rel": "bookmark", "href": "http://9.180.170.14/compute/images/e0ae62a3-91c6-40f7-8147-acab952b63ac"}]}, "flavor": {"id": "42", "links": [{"rel": "bookmark", "href": "http://9.180.170.14/compute/flavors/42"}]}, "created": "2025-09-12T14:15:03Z", "updated": "2025-09-12T14:15:24Z", "addresses": {}, "accessIPv4": "", "accessIPv6": "", "links": [{"rel": "self", "href": "http://9.180.170.14/compute/v2.1/servers/9e544387-5376-4169-8956-2c18ff82b9ea"}, {"rel": "bookmark", "href": "http://9.180.170.14/compute/servers/9e544387-5376-4169-8956-2c18ff82b9ea"}], "OS-DCF:diskConfig": "MANUAL", "progress": 0, "OS-EXT-AZ:availability_zone": "", "config_drive": "", "key_name": null, "OS-SRV-USG:launched_at": null, "OS-SRV-USG:terminated_at": null, "OS-EXT-STS:task_state": "scheduling", "OS-EXT-STS:vm_state": "building", "OS-EXT-STS:power_state": 0, "os-extended-volumes:volumes_attached": []}}'
2025-09-12 14:15:25,766 3065469 INFO     [tempest.lib.common.rest_client] Request (VolumesNegativeTest:test_attach_volumes_with_nonexistent_volume_id): 200 GET http://9.180.170.14/compute/v2.1/servers/9e544387-5376-4169-8956-2c18ff82b9ea 0.218s
2025-09-12 14:15:25,781 3065469 DEBUG    [tempest.lib.common.rest_client] Request - Headers: {'Content-Type': 'application/json', 'Accept': 'application/json', 'X-Auth-Token': '<omitted>'}
        Body: None
    Response - Headers: {'date': 'Fri, 12 Sep 2025 14:15:25 GMT', 'server': 'Apache/2.4.58 (Ubuntu)', 'content-length': '1217', 'content-type': 'application/json', 'openstack-api-version': 'compute 2.1', 'x-openstack-nova-api-version': '2.1', 'vary': 'OpenStack-API-Version,X-OpenStack-Nova-API-Version', 'x-openstack-request-id': 'req-86693f7b-c513-4275-9858-c487174c50fe', 'x-compute-request-id': 'req-86693f7b-c513-4275-9858-c487174c50fe', 'connection': 'close', 'status': '200', 'content-location': 'http://9.180.170.14/compute/v2.1/servers/9e544387-5376-4169-8956-2c18ff82b9ea'}
        Body: b'{"server": {"id": "9e544387-5376-4169-8956-2c18ff82b9ea", "name": "tempest-VolumesNegativeTest-instance-1854828899", "status": "BUILD", "tenant_id": "6e509b279cdf4ef1847e574b97c796ff", "user_id": "b520d7d7cd0448838c4b7e68bb2cbf58", "metadata": {}, "hostId": "", "image": {"id": "e0ae62a3-91c6-40f7-8147-acab952b63ac", "links": [{"rel": "bookmark", "href": "http://9.180.170.14/compute/images/e0ae62a3-91c6-40f7-8147-acab952b63ac"}]}, "flavor": {"id": "42", "links": [{"rel": "bookmark", "href": "http://9.180.170.14/compute/flavors/42"}]}, "created": "2025-09-12T14:15:03Z", "updated": "2025-09-12T14:15:25Z", "addresses": {}, "accessIPv4": "", "accessIPv6": "", "links": [{"rel": "self", "href": "http://9.180.170.14/compute/v2.1/servers/9e544387-5376-4169-8956-2c18ff82b9ea"}, {"rel": "bookmark", "href": "http://9.180.170.14/compute/servers/9e544387-5376-4169-8956-2c18ff82b9ea"}], "OS-DCF:diskConfig": "MANUAL", "progress": 0, "OS-EXT-AZ:availability_zone": "", "config_drive": "", "key_name": null, "OS-SRV-USG:launched_at": null, "OS-SRV-USG:terminated_at": null, "OS-EXT-STS:task_state": "scheduling", "OS-EXT-STS:vm_state": "building", "OS-EXT-STS:power_state": 0, "os-extended-volumes:volumes_attached": []}}'
2025-09-12 14:15:27,021 3065469 INFO     [tempest.lib.common.rest_client] Request (VolumesNegativeTest:test_attach_volumes_with_nonexistent_volume_id): 200 GET http://9.180.170.14/compute/v2.1/servers/9e544387-5376-4169-8956-2c18ff82b9ea 0.222s
2025-09-12 14:15:27,022 3065469 DEBUG    [tempest.lib.common.rest_client] Request - Headers: {'Content-Type': 'application/json', 'Accept': 'application/json', 'X-Auth-Token': '<omitted>'}
        Body: None
    Response - Headers: {'date': 'Fri, 12 Sep 2025 14:15:26 GMT', 'server': 'Apache/2.4.58 (Ubuntu)', 'content-length': '1217', 'content-type': 'application/json', 'openstack-api-version': 'compute 2.1', 'x-openstack-nova-api-version': '2.1', 'vary': 'OpenStack-API-Version,X-OpenStack-Nova-API-Version', 'x-openstack-request-id': 'req-38601f26-e0dc-4933-ac48-6db1d15f4680', 'x-compute-request-id': 'req-
    38601f26-e0dc-4933-ac48-6db1d15f4680', 'connection': 'close', 'status': '200', 'content-location': 'http://9.180.170.14/compute/v2.1/servers/9e544387-5376-4169-8956-2c18ff82b9ea'}
        Body: b'{"server": {"id": "9e544387-5376-4169-8956-2c18ff82b9ea", "name": "tempest-VolumesNegativeTest-instance-1854828899", "status": "BUILD", "tenant_id": "6e509b279cdf4ef1847e574b97c796ff", "user_id": "b520d7d7cd0448838c4b7e68bb2cbf58", "metadata": {}, "hostId": "", "image": {"id": "e0ae62a3-91c6-40f7-8147-acab952b63ac", "links": [{"rel": "bookmark", "href": "http://9.180.170.14/compute/images/e0ae62a3-91c6-40f7-8147-acab952b63ac"}]}, "flavor": {"id": "42", "links": [{"rel": "bookmark", "href": "http://9.180.170.14/compute/flavors/42"}]}, "created": "2025-09-12T14:15:03Z", "updated": "2025-09-12T14:15:26Z", "addresses": {}, "accessIPv4": "", "accessIPv6": "", "links": [{"rel": "self", "href": "http://9.180.170.14/compute/v2.1/servers/9e544387-5376-4169-8956-2c18ff82b9ea"}, {"rel": "bookmark", "href": "http://9.180.170.14/compute/servers/9e544387-5376-4169-8956-2c18ff82b9ea"}], "OS-DCF:diskConfig": "MANUAL", "progress": 0, "OS-EXT-AZ:availability_zone": "", "config_drive": "", "key_name": null, "OS-SRV-USG:launched_at": null, "OS-SRV-USG:terminated_at": null, "OS-EXT-STS:task_state": "scheduling", "OS-EXT-STS:vm_state": "building", "OS-EXT-STS:power_state": 0, "os-extended-volumes:volumes_attached": []}}'
2025-09-12 14:15:28,530 3065469 INFO     [tempest.lib.common.rest_client] Request (VolumesNegativeTest:test_attach_volumes_with_nonexistent_volume_id): 200 GET http://9.180.170.14/compute/v2.1/servers/9e544387-5376-4169-8956-2c18ff82b9ea 0.498s
2025-09-12 14:15:28,565 3065469 DEBUG    [tempest.lib.common.rest_client] Request - Headers: {'Content-Type': 'application/json', 'Accept': 'application/json', 'X-Auth-Token': '<omitted>'}
        Body: None
    Response - Headers: {'date': 'Fri, 12 Sep 2025 14:15:28 GMT', 'server': 'Apache/2.4.58 (Ubuntu)', 'content-length': '1217', 'content-type': 'application/json', 'openstack-api-version': 'compute 2.1', 'x-openstack-nova-api-version': '2.1', 'vary': 'OpenStack-API-Version,X-OpenStack-Nova-API-Version', 'x-openstack-request-id': 'req-c3aba258-de3a-4044-8ae3-4a6e101e683b', 'x-compute-request-id': 'req-c3aba258-de3a-4044-8ae3-4a6e101e683b', 'connection': 'close', 'status': '200', 'content-location': 'http://9.180.170.14/compute/v2.1/servers/9e544387-5376-4169-8956-2c18ff82b9ea'}
        Body: b'{"server": {"id": "9e544387-5376-4169-8956-2c18ff82b9ea", "name": "tempest-VolumesNegativeTest-instance-1854828899", "status": "BUILD", "tenant_id": "6e509b279cdf4ef1847e574b97c796ff", "user_id": "b520d7d7cd0448838c4b7e68bb2cbf58", "metadata": {}, "hostId": "", "image": {"id": "e0ae62a3-91c6-40f7-8147-acab952b63ac", "links": [{"rel": "bookmark", "href": "http://9.180.170.14/compute/images/e0ae62a3-91c6-40f7-8147-acab952b63ac"}]}, "flavor": {"id": "42", "links": [{"rel": "bookmark", "href": "http://9.180.170.14/compute/flavors/42"}]}, "created": "2025-09-12T14:15:03Z", "updated": "2025-09-12T14:15:28Z", "addresses": {}, "accessIPv4": "", "accessIPv6": "", "links": [{"rel": "self", "href": "http://9.180.170.14/compute/v2.1/servers/9e544387-5376-4169-8956-2c18ff82b9ea"}, {"rel": "bookmark", "href": "http://9.180.170.14/compute/servers/9e544387-5376-4169-8956-2c18ff82b9ea"}], "OS-DCF:diskConfig": "MANUAL", "progress": 0, "OS-EXT-AZ:availability_zone": "", "config_drive": "", "key_name": null, "OS-SRV-USG:launched_at": null, "OS-SRV-USG:terminated_at": null, "OS-EXT-STS:task_state": "scheduling", "OS-EXT-STS:vm_state": "building", "OS-EXT-STS:power_state": 0, "os-extended-volumes:volumes_attached": []}}'
2025-09-12 14:15:30,523 3065469 INFO     [tempest.lib.common.rest_client] Request (VolumesNegativeTest:test_attach_volumes_with_nonexistent_volume_id): 200 GET http://9.180.170.14/compute/v2.1/servers/9e544387-5376-4169-8956-2c18ff82b9ea 0.941s
2025-09-12 14:15:30,524 3065469 DEBUG    [tempest.lib.common.rest_client] Request - Headers: {'Content-Type': 'application/json', 'Accept': 'application/json', 'X-A
    uth-Token': '<omitted>'}
        Body: None
    Response - Headers: {'date': 'Fri, 12 Sep 2025 14:15:29 GMT', 'server': 'Apache/2.4.58 (Ubuntu)', 'content-length': '1217', 'content-type': 'application/json', 'openstack-api-version': 'compute 2.1', 'x-openstack-nova-api-version': '2.1', 'vary': 'OpenStack-API-Version,X-OpenStack-Nova-API-Version', 'x-openstack-request-id': 'req-68ac41c3-a5d8-48e7-a7b6-e05e8602ac53', 'x-compute-request-id': 'req-68ac41c3-a5d8-48e7-a7b6-e05e8602ac53', 'connection': 'close', 'status': '200', 'content-location': 'http://9.180.170.14/compute/v2.1/servers/9e544387-5376-4169-8956-2c18ff82b9ea'}
        Body: b'{"server": {"id": "9e544387-5376-4169-8956-2c18ff82b9ea", "name": "tempest-VolumesNegativeTest-instance-1854828899", "status": "BUILD", "tenant_id": "6e509b279cdf4ef1847e574b97c796ff", "user_id": "b520d7d7cd0448838c4b7e68bb2cbf58", "metadata": {}, "hostId": "", "image": {"id": "e0ae62a3-91c6-40f7-8147-acab952b63ac", "links": [{"rel": "bookmark", "href": "http://9.180.170.14/compute/images/e0ae62a3-91c6-40f7-8147-acab952b63ac"}]}, "flavor": {"id": "42", "links": [{"rel": "bookmark", "href": "http://9.180.170.14/compute/flavors/42"}]}, "created": "2025-09-12T14:15:03Z", "updated": "2025-09-12T14:15:30Z", "addresses": {}, "accessIPv4": "", "accessIPv6": "", "links": [{"rel": "self", "href": "http://9.180.170.14/compute/v2.1/servers/9e544387-5376-4169-8956-2c18ff82b9ea"}, {"rel": "bookmark", "href": "http://9.180.170.14/compute/servers/9e544387-5376-4169-8956-2c18ff82b9ea"}], "OS-DCF:diskConfig": "MANUAL", "progress": 0, "OS-EXT-AZ:availability_zone": "", "config_drive": "", "key_name": null, "OS-SRV-USG:launched_at": null, "OS-SRV-USG:terminated_at": null, "OS-EXT-STS:task_state": "scheduling", "OS-EXT-STS:vm_state": "building", "OS-EXT-STS:power_state": 0, "os-extended-volumes:volumes_attached": []}}'
2025-09-12 14:15:32,154 3065469 INFO     [tempest.lib.common.rest_client] Request (VolumesNegativeTest:test_attach_volumes_with_nonexistent_volume_id): 200 GET http://9.180.170.14/compute/v2.1/servers/9e544387-5376-4169-8956-2c18ff82b9ea 0.608s
2025-09-12 14:15:32,155 3065469 DEBUG    [tempest.lib.common.rest_client] Request - Headers: {'Content-Type': 'application/json', 'Accept': 'application/json', 'X-Auth-Token': '<omitted>'}
        Body: None
    Response - Headers: {'date': 'Fri, 12 Sep 2025 14:15:31 GMT', 'server': 'Apache/2.4.58 (Ubuntu)', 'content-length': '1217', 'content-type': 'application/json', 'openstack-api-version': 'compute 2.1', 'x-openstack-nova-api-version': '2.1', 'vary': 'OpenStack-API-Version,X-OpenStack-Nova-API-Version', 'x-openstack-request-id': 'req-a00713c0-5cd3-45af-bb9d-f0f7fa35f06f', 'x-compute-request-id': 'req-a00713c0-5cd3-45af-bb9d-f0f7fa35f06f', 'connection': 'close', 'status': '200', 'content-location': 'http://9.180.170.14/compute/v2.1/servers/9e544387-5376-4169-8956-2c18ff82b9ea'}
        Body: b'{"server": {"id": "9e544387-5376-4169-8956-2c18ff82b9ea", "name": "tempest-VolumesNegativeTest-instance-1854828899", "status": "BUILD", "tenant_id": "6e509b279cdf4ef1847e574b97c796ff", "user_id": "b520d7d7cd0448838c4b7e68bb2cbf58", "metadata": {}, "hostId": "", "image": {"id": "e0ae62a3-91c6-40f7-8147-acab952b63ac", "links": [{"rel": "bookmark", "href": "http://9.180.170.14/compute/images/e0ae62a3-91c6-40f7-8147-acab952b63ac"}]}, "flavor": {"id": "42", "links": [{"rel": "bookmark", "href": "http://9.180.170.14/compute/flavors/42"}]}, "created": "2025-09-12T14:15:03Z", "updated": "2025-09-12T14:15:32Z", "addresses": {}, "accessIPv4": "", "accessIPv6": "", "links": [{"rel": "self", "href": "http://9.180.170.14/compute/v2.1/servers/9e544387-5376-4169-8956-2c18ff82b9ea"}, {"rel": "bookmark", "href": "http://9.180.170.14/compute/servers/9e544387-5376-4169-8956-2c18ff82b9ea"}], "OS-DCF:diskConfig": "MANUAL", "progress": 0, "OS-EXT-AZ:availability_zone": "", "config_drive": "", "key_name": null, "OS-SRV-USG:launched_at": null, "OS-SRV-USG:terminated_at": null, "OS-EXT-STS:task_state": "scheduling", "OS-EXT-STS:vm_state": "building", "OS-EXT-STS:power_state": 0, "os-ext
    ended-volumes:volumes_attached": []}}'
2025-09-12 14:15:34,016 3065469 INFO     [tempest.lib.common.rest_client] Request (VolumesNegativeTest:test_attach_volumes_with_nonexistent_volume_id): 200 GET http://9.180.170.14/compute/v2.1/servers/9e544387-5376-4169-8956-2c18ff82b9ea 0.845s
2025-09-12 14:15:34,017 3065469 DEBUG    [tempest.lib.common.rest_client] Request - Headers: {'Content-Type': 'application/json', 'Accept': 'application/json', 'X-Auth-Token': '<omitted>'}
        Body: None
    Response - Headers: {'date': 'Fri, 12 Sep 2025 14:15:33 GMT', 'server': 'Apache/2.4.58 (Ubuntu)', 'content-length': '1191', 'content-type': 'application/json', 'openstack-api-version': 'compute 2.1', 'x-openstack-nova-api-version': '2.1', 'vary': 'OpenStack-API-Version,X-OpenStack-Nova-API-Version', 'x-openstack-request-id': 'req-30f551eb-8b19-42dc-b0b7-7c59f611e0fb', 'x-compute-request-id': 'req-30f551eb-8b19-42dc-b0b7-7c59f611e0fb', 'connection': 'close', 'status': '200', 'content-location': 'http://9.180.170.14/compute/v2.1/servers/9e544387-5376-4169-8956-2c18ff82b9ea'}
        Body: b'{"server": {"id": "9e544387-5376-4169-8956-2c18ff82b9ea", "name": "tempest-VolumesNegativeTest-instance-1854828899", "status": "ERROR", "tenant_id": "6e509b279cdf4ef1847e574b97c796ff", "user_id": "b520d7d7cd0448838c4b7e68bb2cbf58", "metadata": {}, "hostId": "", "image": {"id": "e0ae62a3-91c6-40f7-8147-acab952b63ac", "links": [{"rel": "bookmark", "href": "http://9.180.170.14/compute/images/e0ae62a3-91c6-40f7-8147-acab952b63ac"}]}, "flavor": {"id": "42", "links": [{"rel": "bookmark", "href": "http://9.180.170.14/compute/flavors/42"}]}, "created": "2025-09-12T14:15:03Z", "updated": "2025-09-12T14:15:32Z", "addresses": {}, "accessIPv4": "", "accessIPv6": "", "links": [{"rel": "self", "href": "http://9.180.170.14/compute/v2.1/servers/9e544387-5376-4169-8956-2c18ff82b9ea"}, {"rel": "bookmark", "href": "http://9.180.170.14/compute/servers/9e544387-5376-4169-8956-2c18ff82b9ea"}], "OS-DCF:diskConfig": "MANUAL", "OS-EXT-AZ:availability_zone": "", "config_drive": "", "key_name": null, "OS-SRV-USG:launched_at": null, "OS-SRV-USG:terminated_at": null, "OS-EXT-STS:task_state": null, "OS-EXT-STS:vm_state": "error", "OS-EXT-STS:power_state": 0, "os-extended-volumes:volumes_attached": []}}'
2025-09-12 14:15:34,032 3065469 INFO     [tempest.common.waiters] State transition "BUILD/scheduling" ==> "ERROR/None" after 22 second wait
2025-09-12 14:15:43,763 3065469 INFO     [tempest.lib.common.rest_client] Request (VolumesNegativeTest:test_attach_volumes_with_nonexistent_volume_id): 204 DELETE http://9.180.170.14/compute/v2.1/servers/9e544387-5376-4169-8956-2c18ff82b9ea 9.730s
2025-09-12 14:15:43,764 3065469 DEBUG    [tempest.lib.common.rest_client] Request - Headers: {'Content-Type': 'application/json', 'Accept': 'application/json', 'X-Auth-Token': '<omitted>'}
        Body: None
    Response - Headers: {'date': 'Fri, 12 Sep 2025 14:15:34 GMT', 'server': 'Apache/2.4.58 (Ubuntu)', 'content-type': 'application/json', 'openstack-api-version': 'compute 2.1', 'x-openstack-nova-api-version': '2.1', 'vary': 'OpenStack-API-Version,X-OpenStack-Nova-API-Version', 'x-openstack-request-id': 'req-3030b455-5eb9-40f5-b6d7-a0b15dd880d9', 'x-compute-request-id': 'req-3030b455-5eb9-40f5-b6d7-a0b15dd880d9', 'connection': 'close', 'status': '204', 'content-location': 'http://9.180.170.14/compute/v2.1/servers/9e544387-5376-4169-8956-2c18ff82b9ea'}
        Body: b''
2025-09-12 14:15:43,810 3065469 INFO     [tempest.lib.common.rest_client] Request (VolumesNegativeTest:test_attach_volumes_with_nonexistent_volume_id): 404 GET http://9.180.170.14/compute/v2.1/servers/9e544387-5376-4169-8956-2c18ff82b9ea 0.045s
2025-09-12 14:15:43,830 3065469 DEBUG    [tempest.lib.common.rest_client] Request - Headers: {'Content-Type': 'application/json', 'Accept': 'application/json', 'X-Auth-Token': '<omitted>'}
        Body: None
    Response - Headers: {'date': 'Fri, 12 Sep 2025 14:15:43 GMT', 'server': 'Apache/2.4.58 (Ubuntu)', 'openstack-api-version': 'compute 2.1', 'x-openstack-nova-api-version': '2.1', 'vary
    ': 'OpenStack-API-Version,X-OpenStack-Nova-API-Version', 'content-type': 'application/json; charset=UTF-8', 'content-length': '111', 'x-openstack-request-id': 'req-f1629d89-a4d9-4513-bbb2-e90f74102d9b', 'x-compute-request-id': 'req-f1629d89-a4d9-4513-bbb2-e90f74102d9b', 'connection': 'close', 'status': '404', 'content-location': 'http://9.180.170.14/compute/v2.1/servers/9e544387-5376-4169-8956-2c18ff82b9ea'}
        Body: b'{"itemNotFound": {"code": 404, "message": "Instance 9e544387-5376-4169-8956-2c18ff82b9ea could not be found."}}'



======
Totals
======
Ran: 166 tests in 265.1744 sec.
 - Passed: 155
 - Skipped: 6
 - Expected Fail: 0
 - Unexpected Success: 0
 - Failed: 5
Sum of execute time for each test: 2887.0003 sec.

==============
Worker Balance
==============
 - Worker 0 (3 tests) => 0:04:24.840458
 - Worker 1 (2 tests) => 0:03:43.786672
 - Worker 2 (2 tests) => 0:03:54.164189
 - Worker 3 (8 tests) => 0:04:03.552558
 - Worker 4 (3 tests) => 0:03:16.817141
 - Worker 5 (3 tests) => 0:03:49.403098
 - Worker 6 (2 tests) => 0:02:57.309647
 - Worker 7 (4 tests) => 0:02:25.729331
 - Worker 8 (1 tests) => 0:02:22.914557
 - Worker 9 (2 tests) => 0:02:23.557771
 - Worker 10 (2 tests) => 0:02:09.599276
 - Worker 11 (6 tests) => 0:01:41.376227
 - Worker 12 (5 tests) => 0:02:05.161547
 - Worker 13 (7 tests) => 0:02:02.884348
 - Worker 14 (27 tests) => 0:01:18.514717
 - Worker 15 (2 tests) => 0:01:31.572985
 - Worker 16 (6 tests) => 0:01:02.592352
 - Worker 17 (3 tests) => 0:00:45.827940
 - Worker 18 (1 tests) => 0:00:00
 - Worker 19 (1 tests) => 0:00:00
 - Worker 20 (12 tests) => 0:00:43.997337
 - Worker 21 (2 tests) => 0:00:31.785366
 - Worker 22 (1 tests) => 0:00:00
 - Worker 23 (1 tests) => 0:00:00
 - Worker 24 (5 tests) => 0:00:17.773952
 - Worker 25 (2 tests) => 0:00:26.731762
 - Worker 26 (2 tests) => 0:00:27.122769
 - Worker 27 (2 tests) => 0:00:15.589001
 - Worker 28 (1 tests) => 0:00:21.896073
 - Worker 29 (1 tests) => 0:00:09.540122
 - Worker 30 (2 tests) => 0:00:06.753806
 - Worker 31 (2 tests) => 0:00:10.000320
 - Worker 32 (1 tests) => 0:00:05.346526
 - Worker 33 (5 tests) => 0:00:17.319159
 - Worker 34 (2 tests) => 0:00:06.341548
 - Worker 35 (2 tests) => 0:00:05.741689
 - Worker 36 (18 tests) => 0:00:03.794845
 - Worker 37 (1 tests) => 0:00:02.528399
 - Worker 38 (1 tests) => 0:00:09.689755
 - Worker 39 (13 tests) => 0:00:01.670367
